{"C:\\go\\dev\\nodejs\\beginner\\testing\\utils.js": {"path":"C:\\go\\dev\\nodejs\\beginner\\testing\\utils.js","all":false,"statementMap":{"0":{"start":{"line":1,"column":0},"end":{"line":1,"column":35}},"1":{"start":{"line":2,"column":0},"end":{"line":2,"column":40}},"2":{"start":{"line":3,"column":0},"end":{"line":3,"column":40}}},"s":{"0":1,"1":1,"2":1},"branchMap":{"0":{"type":"branch","line":1,"loc":{"start":{"line":1,"column":19},"end":{"line":1,"column":35}},"locations":[{"start":{"line":1,"column":19},"end":{"line":1,"column":35}}]},"1":{"type":"branch","line":2,"loc":{"start":{"line":2,"column":24},"end":{"line":2,"column":40}},"locations":[{"start":{"line":2,"column":24},"end":{"line":2,"column":40}}]}},"b":{"0":[1],"1":[1]},"fnMap":{"0":{"name":"sum","decl":{"start":{"line":1,"column":19},"end":{"line":1,"column":35}},"loc":{"start":{"line":1,"column":19},"end":{"line":1,"column":35}},"line":1},"1":{"name":"multiply","decl":{"start":{"line":2,"column":24},"end":{"line":2,"column":40}},"loc":{"start":{"line":2,"column":24},"end":{"line":2,"column":40}},"line":2},"2":{"name":"subtract","decl":{"start":{"line":3,"column":24},"end":{"line":3,"column":40}},"loc":{"start":{"line":3,"column":24},"end":{"line":3,"column":40}},"line":3}},"f":{"0":1,"1":1,"2":0}}
}
