{"C:\\go\\dev\\nodejs\\beginner\\whispering-file-store\\store.js": {"path":"C:\\go\\dev\\nodejs\\beginner\\whispering-file-store\\store.js","all":false,"statementMap":{"0":{"start":{"line":1,"column":0},"end":{"line":1,"column":34}},"1":{"start":{"line":2,"column":0},"end":{"line":2,"column":29}},"2":{"start":{"line":3,"column":0},"end":{"line":3,"column":0}},"3":{"start":{"line":4,"column":0},"end":{"line":4,"column":53}},"4":{"start":{"line":5,"column":0},"end":{"line":5,"column":0}},"5":{"start":{"line":6,"column":0},"end":{"line":6,"column":75}},"6":{"start":{"line":7,"column":0},"end":{"line":7,"column":0}},"7":{"start":{"line":8,"column":0},"end":{"line":8,"column":30}},"8":{"start":{"line":9,"column":0},"end":{"line":9,"column":65}},"9":{"start":{"line":10,"column":0},"end":{"line":10,"column":26}},"10":{"start":{"line":11,"column":0},"end":{"line":11,"column":2}},"11":{"start":{"line":12,"column":0},"end":{"line":12,"column":0}},"12":{"start":{"line":13,"column":0},"end":{"line":13,"column":24}},"13":{"start":{"line":14,"column":0},"end":{"line":14,"column":0}},"14":{"start":{"line":15,"column":0},"end":{"line":15,"column":31}},"15":{"start":{"line":16,"column":0},"end":{"line":16,"column":32}},"16":{"start":{"line":17,"column":0},"end":{"line":17,"column":45}},"17":{"start":{"line":18,"column":0},"end":{"line":18,"column":2}},"18":{"start":{"line":19,"column":0},"end":{"line":19,"column":0}},"19":{"start":{"line":20,"column":0},"end":{"line":20,"column":35}},"20":{"start":{"line":21,"column":0},"end":{"line":21,"column":32}},"21":{"start":{"line":22,"column":0},"end":{"line":22,"column":20}},"22":{"start":{"line":23,"column":0},"end":{"line":23,"column":27}},"23":{"start":{"line":24,"column":0},"end":{"line":24,"column":54}},"24":{"start":{"line":25,"column":0},"end":{"line":25,"column":0}},"25":{"start":{"line":26,"column":0},"end":{"line":26,"column":45}},"26":{"start":{"line":27,"column":0},"end":{"line":27,"column":44}},"27":{"start":{"line":28,"column":0},"end":{"line":28,"column":17}},"28":{"start":{"line":29,"column":0},"end":{"line":29,"column":2}},"29":{"start":{"line":30,"column":0},"end":{"line":30,"column":0}},"30":{"start":{"line":31,"column":0},"end":{"line":31,"column":43}},"31":{"start":{"line":32,"column":0},"end":{"line":32,"column":32}},"32":{"start":{"line":33,"column":0},"end":{"line":33,"column":43}},"33":{"start":{"line":34,"column":0},"end":{"line":34,"column":25}},"34":{"start":{"line":35,"column":0},"end":{"line":35,"column":34}},"35":{"start":{"line":36,"column":0},"end":{"line":36,"column":5}},"36":{"start":{"line":37,"column":0},"end":{"line":37,"column":0}},"37":{"start":{"line":38,"column":0},"end":{"line":38,"column":16}},"38":{"start":{"line":39,"column":0},"end":{"line":39,"column":5}},"39":{"start":{"line":40,"column":0},"end":{"line":40,"column":34}},"40":{"start":{"line":41,"column":0},"end":{"line":41,"column":2}},"41":{"start":{"line":42,"column":0},"end":{"line":42,"column":0}},"42":{"start":{"line":43,"column":0},"end":{"line":43,"column":34}},"43":{"start":{"line":44,"column":0},"end":{"line":44,"column":32}},"44":{"start":{"line":45,"column":0},"end":{"line":45,"column":59}},"45":{"start":{"line":46,"column":0},"end":{"line":46,"column":2}},"46":{"start":{"line":47,"column":0},"end":{"line":47,"column":0}},"47":{"start":{"line":48,"column":0},"end":{"line":48,"column":59}}},"s":{"0":1,"1":0,"2":1,"3":1,"4":1,"5":1,"6":1,"7":1,"8":1,"9":0,"10":1,"11":1,"12":1,"13":1,"14":1,"15":0,"16":0,"17":1,"18":1,"19":1,"20":0,"21":0,"22":0,"23":0,"24":0,"25":0,"26":0,"27":0,"28":1,"29":1,"30":1,"31":0,"32":0,"33":0,"34":0,"35":0,"36":0,"37":0,"38":0,"39":0,"40":1,"41":1,"42":1,"43":0,"44":0,"45":1,"46":1,"47":1},"branchMap":{"0":{"type":"branch","line":2,"loc":{"start":{"line":2,"column":0},"end":{"line":2,"column":29}},"locations":[{"start":{"line":2,"column":0},"end":{"line":2,"column":29}}]},"1":{"type":"branch","line":2,"loc":{"start":{"line":2,"column":0},"end":{"line":2,"column":29}},"locations":[{"start":{"line":2,"column":0},"end":{"line":2,"column":29}}]},"2":{"type":"branch","line":2,"loc":{"start":{"line":2,"column":0},"end":{"line":2,"column":29}},"locations":[{"start":{"line":2,"column":0},"end":{"line":2,"column":29}}]},"3":{"type":"branch","line":2,"loc":{"start":{"line":2,"column":0},"end":{"line":2,"column":29}},"locations":[{"start":{"line":2,"column":0},"end":{"line":2,"column":29}}]},"4":{"type":"branch","line":2,"loc":{"start":{"line":2,"column":0},"end":{"line":2,"column":29}},"locations":[{"start":{"line":2,"column":0},"end":{"line":2,"column":29}}]},"5":{"type":"branch","line":2,"loc":{"start":{"line":2,"column":0},"end":{"line":2,"column":29}},"locations":[{"start":{"line":2,"column":0},"end":{"line":2,"column":29}}]},"6":{"type":"branch","line":2,"loc":{"start":{"line":2,"column":0},"end":{"line":2,"column":29}},"locations":[{"start":{"line":2,"column":0},"end":{"line":2,"column":29}}]},"7":{"type":"branch","line":2,"loc":{"start":{"line":2,"column":0},"end":{"line":2,"column":29}},"locations":[{"start":{"line":2,"column":0},"end":{"line":2,"column":29}}]},"8":{"type":"branch","line":2,"loc":{"start":{"line":2,"column":0},"end":{"line":2,"column":29}},"locations":[{"start":{"line":2,"column":0},"end":{"line":2,"column":29}}]},"9":{"type":"branch","line":2,"loc":{"start":{"line":2,"column":0},"end":{"line":2,"column":29}},"locations":[{"start":{"line":2,"column":0},"end":{"line":2,"column":29}}]},"10":{"type":"branch","line":2,"loc":{"start":{"line":2,"column":0},"end":{"line":2,"column":29}},"locations":[{"start":{"line":2,"column":0},"end":{"line":2,"column":29}}]},"11":{"type":"branch","line":2,"loc":{"start":{"line":2,"column":0},"end":{"line":2,"column":29}},"locations":[{"start":{"line":2,"column":0},"end":{"line":2,"column":29}}]},"12":{"type":"branch","line":2,"loc":{"start":{"line":2,"column":0},"end":{"line":2,"column":29}},"locations":[{"start":{"line":2,"column":0},"end":{"line":2,"column":29}}]},"13":{"type":"branch","line":2,"loc":{"start":{"line":2,"column":0},"end":{"line":2,"column":29}},"locations":[{"start":{"line":2,"column":0},"end":{"line":2,"column":29}}]},"14":{"type":"branch","line":2,"loc":{"start":{"line":2,"column":0},"end":{"line":2,"column":29}},"locations":[{"start":{"line":2,"column":0},"end":{"line":2,"column":29}}]},"15":{"type":"branch","line":2,"loc":{"start":{"line":2,"column":0},"end":{"line":2,"column":29}},"locations":[{"start":{"line":2,"column":0},"end":{"line":2,"column":29}}]},"16":{"type":"branch","line":2,"loc":{"start":{"line":2,"column":0},"end":{"line":2,"column":29}},"locations":[{"start":{"line":2,"column":0},"end":{"line":2,"column":29}}]},"17":{"type":"branch","line":2,"loc":{"start":{"line":2,"column":0},"end":{"line":2,"column":29}},"locations":[{"start":{"line":2,"column":0},"end":{"line":2,"column":29}}]},"18":{"type":"branch","line":2,"loc":{"start":{"line":2,"column":0},"end":{"line":2,"column":29}},"locations":[{"start":{"line":2,"column":0},"end":{"line":2,"column":29}}]},"19":{"type":"branch","line":2,"loc":{"start":{"line":2,"column":0},"end":{"line":2,"column":29}},"locations":[{"start":{"line":2,"column":0},"end":{"line":2,"column":29}}]},"20":{"type":"branch","line":2,"loc":{"start":{"line":2,"column":0},"end":{"line":2,"column":29}},"locations":[{"start":{"line":2,"column":0},"end":{"line":2,"column":29}}]},"21":{"type":"branch","line":2,"loc":{"start":{"line":2,"column":0},"end":{"line":2,"column":29}},"locations":[{"start":{"line":2,"column":0},"end":{"line":2,"column":29}}]},"22":{"type":"branch","line":2,"loc":{"start":{"line":2,"column":0},"end":{"line":2,"column":29}},"locations":[{"start":{"line":2,"column":0},"end":{"line":2,"column":29}}]},"23":{"type":"branch","line":2,"loc":{"start":{"line":2,"column":0},"end":{"line":2,"column":29}},"locations":[{"start":{"line":2,"column":0},"end":{"line":2,"column":29}}]},"24":{"type":"branch","line":2,"loc":{"start":{"line":2,"column":0},"end":{"line":2,"column":29}},"locations":[{"start":{"line":2,"column":0},"end":{"line":2,"column":29}}]},"25":{"type":"branch","line":2,"loc":{"start":{"line":2,"column":0},"end":{"line":2,"column":29}},"locations":[{"start":{"line":2,"column":0},"end":{"line":2,"column":29}}]},"26":{"type":"branch","line":2,"loc":{"start":{"line":2,"column":0},"end":{"line":2,"column":29}},"locations":[{"start":{"line":2,"column":0},"end":{"line":2,"column":29}}]},"27":{"type":"branch","line":2,"loc":{"start":{"line":2,"column":0},"end":{"line":2,"column":29}},"locations":[{"start":{"line":2,"column":0},"end":{"line":2,"column":29}}]},"28":{"type":"branch","line":2,"loc":{"start":{"line":2,"column":0},"end":{"line":2,"column":29}},"locations":[{"start":{"line":2,"column":0},"end":{"line":2,"column":29}}]},"29":{"type":"branch","line":2,"loc":{"start":{"line":2,"column":0},"end":{"line":2,"column":29}},"locations":[{"start":{"line":2,"column":0},"end":{"line":2,"column":29}}]},"30":{"type":"branch","line":2,"loc":{"start":{"line":2,"column":0},"end":{"line":2,"column":29}},"locations":[{"start":{"line":2,"column":0},"end":{"line":2,"column":29}}]},"31":{"type":"branch","line":2,"loc":{"start":{"line":2,"column":0},"end":{"line":2,"column":29}},"locations":[{"start":{"line":2,"column":0},"end":{"line":2,"column":29}}]},"32":{"type":"branch","line":2,"loc":{"start":{"line":2,"column":0},"end":{"line":2,"column":29}},"locations":[{"start":{"line":2,"column":0},"end":{"line":2,"column":29}}]},"33":{"type":"branch","line":2,"loc":{"start":{"line":2,"column":0},"end":{"line":2,"column":29}},"locations":[{"start":{"line":2,"column":0},"end":{"line":2,"column":29}}]},"34":{"type":"branch","line":8,"loc":{"start":{"line":8,"column":14},"end":{"line":8,"column":17}},"locations":[{"start":{"line":8,"column":14},"end":{"line":8,"column":17}}]},"35":{"type":"branch","line":8,"loc":{"start":{"line":8,"column":17},"end":{"line":10,"column":26}},"locations":[{"start":{"line":8,"column":17},"end":{"line":10,"column":26}}]},"36":{"type":"branch","line":8,"loc":{"start":{"line":8,"column":17},"end":{"line":10,"column":26}},"locations":[{"start":{"line":8,"column":17},"end":{"line":10,"column":26}}]},"37":{"type":"branch","line":9,"loc":{"start":{"line":9,"column":64},"end":{"line":10,"column":26}},"locations":[{"start":{"line":9,"column":64},"end":{"line":10,"column":26}}]},"38":{"type":"branch","line":15,"loc":{"start":{"line":15,"column":13},"end":{"line":15,"column":16}},"locations":[{"start":{"line":15,"column":13},"end":{"line":15,"column":16}}]},"39":{"type":"branch","line":20,"loc":{"start":{"line":20,"column":12},"end":{"line":20,"column":15}},"locations":[{"start":{"line":20,"column":12},"end":{"line":20,"column":15}}]},"40":{"type":"branch","line":31,"loc":{"start":{"line":31,"column":16},"end":{"line":31,"column":19}},"locations":[{"start":{"line":31,"column":16},"end":{"line":31,"column":19}}]},"41":{"type":"branch","line":43,"loc":{"start":{"line":43,"column":16},"end":{"line":43,"column":19}},"locations":[{"start":{"line":43,"column":16},"end":{"line":43,"column":19}}]}},"b":{"0":[0],"1":[0],"2":[0],"3":[0],"4":[1],"5":[0],"6":[1],"7":[1],"8":[0],"9":[0],"10":[0],"11":[0],"12":[0],"13":[0],"14":[0],"15":[0],"16":[5],"17":[0],"18":[6],"19":[1],"20":[0],"21":[11],"22":[10],"23":[0],"24":[1],"25":[3],"26":[1],"27":[1],"28":[0],"29":[0],"30":[5],"31":[1],"32":[1],"33":[1],"34":[1],"35":[1],"36":[1],"37":[0],"38":[1],"39":[1],"40":[1],"41":[1]},"fnMap":{"0":{"name":"i","decl":{"start":{"line":2,"column":0},"end":{"line":2,"column":29}},"loc":{"start":{"line":2,"column":0},"end":{"line":2,"column":29}},"line":2},"1":{"name":"d","decl":{"start":{"line":2,"column":0},"end":{"line":2,"column":29}},"loc":{"start":{"line":2,"column":0},"end":{"line":2,"column":29}},"line":2},"2":{"name":"d","decl":{"start":{"line":2,"column":0},"end":{"line":2,"column":29}},"loc":{"start":{"line":2,"column":0},"end":{"line":2,"column":29}},"line":2},"3":{"name":"Generator","decl":{"start":{"line":2,"column":0},"end":{"line":2,"column":29}},"loc":{"start":{"line":2,"column":0},"end":{"line":2,"column":29}},"line":2},"4":{"name":"GeneratorFunction","decl":{"start":{"line":2,"column":0},"end":{"line":2,"column":29}},"loc":{"start":{"line":2,"column":0},"end":{"line":2,"column":29}},"line":2},"5":{"name":"GeneratorFunctionPrototype","decl":{"start":{"line":2,"column":0},"end":{"line":2,"column":29}},"loc":{"start":{"line":2,"column":0},"end":{"line":2,"column":29}},"line":2},"6":{"name":"f","decl":{"start":{"line":2,"column":0},"end":{"line":2,"column":29}},"loc":{"start":{"line":2,"column":0},"end":{"line":2,"column":29}},"line":2},"7":{"name":"_regenerator","decl":{"start":{"line":2,"column":0},"end":{"line":2,"column":29}},"loc":{"start":{"line":2,"column":0},"end":{"line":2,"column":29}},"line":2},"8":{"name":"_regeneratorDefine2","decl":{"start":{"line":2,"column":0},"end":{"line":2,"column":29}},"loc":{"start":{"line":2,"column":0},"end":{"line":2,"column":29}},"line":2},"9":{"name":"_regeneratorDefine","decl":{"start":{"line":2,"column":0},"end":{"line":2,"column":29}},"loc":{"start":{"line":2,"column":0},"end":{"line":2,"column":29}},"line":2},"10":{"name":"o","decl":{"start":{"line":2,"column":0},"end":{"line":2,"column":29}},"loc":{"start":{"line":2,"column":0},"end":{"line":2,"column":29}},"line":2},"11":{"name":"asyncGeneratorStep","decl":{"start":{"line":2,"column":0},"end":{"line":2,"column":29}},"loc":{"start":{"line":2,"column":0},"end":{"line":2,"column":29}},"line":2},"12":{"name":"_asyncToGenerator","decl":{"start":{"line":2,"column":0},"end":{"line":2,"column":29}},"loc":{"start":{"line":2,"column":0},"end":{"line":2,"column":29}},"line":2},"13":{"name":"_next","decl":{"start":{"line":2,"column":0},"end":{"line":2,"column":29}},"loc":{"start":{"line":2,"column":0},"end":{"line":2,"column":29}},"line":2},"14":{"name":"_throw","decl":{"start":{"line":2,"column":0},"end":{"line":2,"column":29}},"loc":{"start":{"line":2,"column":0},"end":{"line":2,"column":29}},"line":2},"15":{"name":"saveChanges","decl":{"start":{"line":6,"column":20},"end":{"line":6,"column":75}},"loc":{"start":{"line":6,"column":20},"end":{"line":6,"column":75}},"line":6},"16":{"name":"_callee","decl":{"start":{"line":8,"column":17},"end":{"line":10,"column":26}},"loc":{"start":{"line":8,"column":17},"end":{"line":10,"column":26}},"line":8},"17":{"name":"_callee2","decl":{"start":{"line":15,"column":16},"end":{"line":17,"column":45}},"loc":{"start":{"line":15,"column":16},"end":{"line":17,"column":45}},"line":15},"18":{"name":"_callee3","decl":{"start":{"line":20,"column":15},"end":{"line":28,"column":17}},"loc":{"start":{"line":20,"column":15},"end":{"line":28,"column":17}},"line":20},"19":{"name":"_callee4","decl":{"start":{"line":31,"column":19},"end":{"line":40,"column":34}},"loc":{"start":{"line":31,"column":19},"end":{"line":40,"column":34}},"line":31},"20":{"name":"_callee5","decl":{"start":{"line":43,"column":19},"end":{"line":45,"column":59}},"loc":{"start":{"line":43,"column":19},"end":{"line":45,"column":59}},"line":43}},"f":{"0":1,"1":0,"2":0,"3":0,"4":0,"5":0,"6":5,"7":6,"8":1,"9":11,"10":3,"11":1,"12":5,"13":1,"14":0,"15":0,"16":1,"17":0,"18":0,"19":0,"20":0}}
}
