TN:
SF:store.js
FN:2,i
FN:2,d
FN:2,d
FN:2,Generator
FN:2,GeneratorFunction
FN:2,GeneratorFunctionPrototype
FN:2,f
FN:2,_regenerator
FN:2,_regeneratorDefine2
FN:2,_regeneratorDefine
FN:2,o
FN:2,asyncGeneratorStep
FN:2,_asyncToGenerator
FN:2,_next
FN:2,_throw
FN:6,saveChanges
FN:8,_callee
FN:15,_callee2
FN:20,_callee3
FN:31,_callee4
FN:43,_callee5
FNF:21
FNH:10
FNDA:1,i
FNDA:0,d
FNDA:0,d
FNDA:0,Generator
FNDA:0,GeneratorFunction
FNDA:0,GeneratorFunctionPrototype
FNDA:5,f
FNDA:6,_regenerator
FNDA:1,_regeneratorDefine2
FNDA:11,_regeneratorDefine
FNDA:3,o
FNDA:1,asyncGeneratorStep
FNDA:5,_asyncToGenerator
FNDA:1,_next
FNDA:0,_throw
FNDA:0,saveChanges
FNDA:1,_callee
FNDA:0,_callee2
FNDA:0,_callee3
FNDA:0,_callee4
FNDA:0,_callee5
DA:1,1
DA:2,0
DA:3,1
DA:4,1
DA:5,1
DA:6,1
DA:7,1
DA:8,1
DA:9,1
DA:10,0
DA:11,1
DA:12,1
DA:13,1
DA:14,1
DA:15,1
DA:16,0
DA:17,0
DA:18,1
DA:19,1
DA:20,1
DA:21,0
DA:22,0
DA:23,0
DA:24,0
DA:25,0
DA:26,0
DA:27,0
DA:28,0
DA:29,1
DA:30,1
DA:31,1
DA:32,0
DA:33,0
DA:34,0
DA:35,0
DA:36,0
DA:37,0
DA:38,0
DA:39,0
DA:40,0
DA:41,1
DA:42,1
DA:43,1
DA:44,0
DA:45,0
DA:46,1
DA:47,1
DA:48,1
LF:48
LH:25
BRDA:2,0,0,0
BRDA:2,1,0,0
BRDA:2,2,0,0
BRDA:2,3,0,0
BRDA:2,4,0,1
BRDA:2,5,0,0
BRDA:2,6,0,1
BRDA:2,7,0,1
BRDA:2,8,0,0
BRDA:2,9,0,0
BRDA:2,10,0,0
BRDA:2,11,0,0
BRDA:2,12,0,0
BRDA:2,13,0,0
BRDA:2,14,0,0
BRDA:2,15,0,0
BRDA:2,16,0,5
BRDA:2,17,0,0
BRDA:2,18,0,6
BRDA:2,19,0,1
BRDA:2,20,0,0
BRDA:2,21,0,11
BRDA:2,22,0,10
BRDA:2,23,0,0
BRDA:2,24,0,1
BRDA:2,25,0,3
BRDA:2,26,0,1
BRDA:2,27,0,1
BRDA:2,28,0,0
BRDA:2,29,0,0
BRDA:2,30,0,5
BRDA:2,31,0,1
BRDA:2,32,0,1
BRDA:2,33,0,1
BRDA:8,34,0,1
BRDA:8,35,0,1
BRDA:8,36,0,1
BRDA:9,37,0,0
BRDA:15,38,0,1
BRDA:20,39,0,1
BRDA:31,40,0,1
BRDA:43,41,0,1
BRF:42
BRH:23
end_of_record
