{"C:\\go\\dev\\nodejs\\beginner\\whispering-mongo-db\\database.js": {"path":"C:\\go\\dev\\nodejs\\beginner\\whispering-mongo-db\\database.js","all":false,"statementMap":{"0":{"start":{"line":1,"column":0},"end":{"line":1,"column":32}},"1":{"start":{"line":2,"column":0},"end":{"line":2,"column":0}},"2":{"start":{"line":3,"column":0},"end":{"line":3,"column":24}},"3":{"start":{"line":4,"column":0},"end":{"line":4,"column":17}},"4":{"start":{"line":5,"column":0},"end":{"line":5,"column":34}},"5":{"start":{"line":6,"column":0},"end":{"line":6,"column":25}},"6":{"start":{"line":7,"column":0},"end":{"line":7,"column":25}},"7":{"start":{"line":8,"column":0},"end":{"line":8,"column":4}},"8":{"start":{"line":9,"column":0},"end":{"line":9,"column":3}},"9":{"start":{"line":10,"column":0},"end":{"line":10,"column":0}},"10":{"start":{"line":11,"column":0},"end":{"line":11,"column":43}},"11":{"start":{"line":12,"column":0},"end":{"line":12,"column":18}},"12":{"start":{"line":13,"column":0},"end":{"line":13,"column":3}},"13":{"start":{"line":14,"column":0},"end":{"line":14,"column":0}},"14":{"start":{"line":15,"column":0},"end":{"line":15,"column":57}},"15":{"start":{"line":16,"column":0},"end":{"line":16,"column":0}},"16":{"start":{"line":17,"column":0},"end":{"line":17,"column":19}}},"s":{"0":1,"1":1,"2":1,"3":1,"4":1,"5":34,"6":34,"7":34,"8":1,"9":1,"10":1,"11":1,"12":1,"13":1,"14":1,"15":1,"16":1},"branchMap":{"0":{"type":"branch","line":5,"loc":{"start":{"line":5,"column":13},"end":{"line":8,"column":4}},"locations":[{"start":{"line":5,"column":13},"end":{"line":8,"column":4}}]}},"b":{"0":[34]},"fnMap":{"0":{"name":"transform","decl":{"start":{"line":5,"column":13},"end":{"line":8,"column":4}},"loc":{"start":{"line":5,"column":13},"end":{"line":8,"column":4}},"line":5}},"f":{"0":34}}
,"C:\\go\\dev\\nodejs\\beginner\\whispering-mongo-db\\server.js": {"path":"C:\\go\\dev\\nodejs\\beginner\\whispering-mongo-db\\server.js","all":false,"statementMap":{"0":{"start":{"line":1,"column":0},"end":{"line":1,"column":30}},"1":{"start":{"line":2,"column":0},"end":{"line":2,"column":37}},"2":{"start":{"line":3,"column":0},"end":{"line":3,"column":77}},"3":{"start":{"line":4,"column":0},"end":{"line":4,"column":0}},"4":{"start":{"line":5,"column":0},"end":{"line":5,"column":22}},"5":{"start":{"line":6,"column":0},"end":{"line":6,"column":0}},"6":{"start":{"line":7,"column":0},"end":{"line":7,"column":34}},"7":{"start":{"line":8,"column":0},"end":{"line":8,"column":27}},"8":{"start":{"line":9,"column":0},"end":{"line":9,"column":30}},"9":{"start":{"line":10,"column":0},"end":{"line":10,"column":0}},"10":{"start":{"line":11,"column":0},"end":{"line":11,"column":39}},"11":{"start":{"line":12,"column":0},"end":{"line":12,"column":34}},"12":{"start":{"line":13,"column":0},"end":{"line":13,"column":36}},"13":{"start":{"line":14,"column":0},"end":{"line":14,"column":3}},"14":{"start":{"line":15,"column":0},"end":{"line":15,"column":0}},"15":{"start":{"line":16,"column":0},"end":{"line":16,"column":48}},"16":{"start":{"line":17,"column":0},"end":{"line":17,"column":34}},"17":{"start":{"line":18,"column":0},"end":{"line":18,"column":21}},"18":{"start":{"line":19,"column":0},"end":{"line":19,"column":3}},"19":{"start":{"line":20,"column":0},"end":{"line":20,"column":0}},"20":{"start":{"line":21,"column":0},"end":{"line":21,"column":52}},"21":{"start":{"line":22,"column":0},"end":{"line":22,"column":27}},"22":{"start":{"line":23,"column":0},"end":{"line":23,"column":36}},"23":{"start":{"line":24,"column":0},"end":{"line":24,"column":17}},"24":{"start":{"line":25,"column":0},"end":{"line":25,"column":24}},"25":{"start":{"line":26,"column":0},"end":{"line":26,"column":10}},"26":{"start":{"line":27,"column":0},"end":{"line":27,"column":22}},"27":{"start":{"line":28,"column":0},"end":{"line":28,"column":3}},"28":{"start":{"line":29,"column":0},"end":{"line":29,"column":3}},"29":{"start":{"line":30,"column":0},"end":{"line":30,"column":0}},"30":{"start":{"line":31,"column":0},"end":{"line":31,"column":49}},"31":{"start":{"line":32,"column":0},"end":{"line":32,"column":31}},"32":{"start":{"line":33,"column":0},"end":{"line":33,"column":17}},"33":{"start":{"line":34,"column":0},"end":{"line":34,"column":24}},"34":{"start":{"line":35,"column":0},"end":{"line":35,"column":10}},"35":{"start":{"line":36,"column":0},"end":{"line":36,"column":42}},"36":{"start":{"line":37,"column":0},"end":{"line":37,"column":34}},"37":{"start":{"line":38,"column":0},"end":{"line":38,"column":3}},"38":{"start":{"line":39,"column":0},"end":{"line":39,"column":3}},"39":{"start":{"line":40,"column":0},"end":{"line":40,"column":0}},"40":{"start":{"line":41,"column":0},"end":{"line":41,"column":52}},"41":{"start":{"line":42,"column":0},"end":{"line":42,"column":27}},"42":{"start":{"line":43,"column":0},"end":{"line":43,"column":31}},"43":{"start":{"line":44,"column":0},"end":{"line":44,"column":0}},"44":{"start":{"line":45,"column":0},"end":{"line":45,"column":17}},"45":{"start":{"line":46,"column":0},"end":{"line":46,"column":24}},"46":{"start":{"line":47,"column":0},"end":{"line":47,"column":10}},"47":{"start":{"line":48,"column":0},"end":{"line":48,"column":38}},"48":{"start":{"line":49,"column":0},"end":{"line":49,"column":19}},"49":{"start":{"line":50,"column":0},"end":{"line":50,"column":26}},"50":{"start":{"line":51,"column":0},"end":{"line":51,"column":12}},"51":{"start":{"line":52,"column":0},"end":{"line":52,"column":36}},"52":{"start":{"line":53,"column":0},"end":{"line":53,"column":26}},"53":{"start":{"line":54,"column":0},"end":{"line":54,"column":5}},"54":{"start":{"line":55,"column":0},"end":{"line":55,"column":3}},"55":{"start":{"line":56,"column":0},"end":{"line":56,"column":3}},"56":{"start":{"line":57,"column":0},"end":{"line":57,"column":0}},"57":{"start":{"line":58,"column":0},"end":{"line":58,"column":55}},"58":{"start":{"line":59,"column":0},"end":{"line":59,"column":27}},"59":{"start":{"line":60,"column":0},"end":{"line":60,"column":36}},"60":{"start":{"line":61,"column":0},"end":{"line":61,"column":17}},"61":{"start":{"line":62,"column":0},"end":{"line":62,"column":24}},"62":{"start":{"line":63,"column":0},"end":{"line":63,"column":11}},"63":{"start":{"line":64,"column":0},"end":{"line":64,"column":3}},"64":{"start":{"line":65,"column":0},"end":{"line":65,"column":23}},"65":{"start":{"line":66,"column":0},"end":{"line":66,"column":22}},"66":{"start":{"line":67,"column":0},"end":{"line":67,"column":3}},"67":{"start":{"line":68,"column":0},"end":{"line":68,"column":0}},"68":{"start":{"line":69,"column":0},"end":{"line":69,"column":15}}},"s":{"0":1,"1":0,"2":1,"3":1,"4":1,"5":1,"6":1,"7":1,"8":1,"9":1,"10":1,"11":1,"12":1,"13":1,"14":1,"15":1,"16":2,"17":2,"18":1,"19":1,"20":1,"21":2,"22":2,"23":2,"24":1,"25":1,"26":1,"27":1,"28":1,"29":1,"30":1,"31":3,"32":3,"33":2,"34":1,"35":1,"36":1,"37":1,"38":1,"39":1,"40":1,"41":4,"42":4,"43":4,"44":4,"45":2,"46":2,"47":2,"48":2,"49":1,"50":1,"51":1,"52":1,"53":1,"54":1,"55":1,"56":1,"57":1,"58":2,"59":2,"60":2,"61":1,"62":1,"63":1,"64":1,"65":1,"66":1,"67":1,"68":1},"branchMap":{"0":{"type":"branch","line":2,"loc":{"start":{"line":2,"column":0},"end":{"line":2,"column":37}},"locations":[{"start":{"line":2,"column":0},"end":{"line":2,"column":37}}]},"1":{"type":"branch","line":2,"loc":{"start":{"line":2,"column":0},"end":{"line":2,"column":37}},"locations":[{"start":{"line":2,"column":0},"end":{"line":2,"column":37}}]},"2":{"type":"branch","line":2,"loc":{"start":{"line":2,"column":0},"end":{"line":2,"column":37}},"locations":[{"start":{"line":2,"column":0},"end":{"line":2,"column":37}}]},"3":{"type":"branch","line":2,"loc":{"start":{"line":2,"column":0},"end":{"line":2,"column":37}},"locations":[{"start":{"line":2,"column":0},"end":{"line":2,"column":37}}]},"4":{"type":"branch","line":2,"loc":{"start":{"line":2,"column":0},"end":{"line":2,"column":37}},"locations":[{"start":{"line":2,"column":0},"end":{"line":2,"column":37}}]},"5":{"type":"branch","line":2,"loc":{"start":{"line":2,"column":0},"end":{"line":2,"column":37}},"locations":[{"start":{"line":2,"column":0},"end":{"line":2,"column":37}}]},"6":{"type":"branch","line":2,"loc":{"start":{"line":2,"column":0},"end":{"line":2,"column":37}},"locations":[{"start":{"line":2,"column":0},"end":{"line":2,"column":37}}]},"7":{"type":"branch","line":2,"loc":{"start":{"line":2,"column":0},"end":{"line":2,"column":37}},"locations":[{"start":{"line":2,"column":0},"end":{"line":2,"column":37}}]},"8":{"type":"branch","line":2,"loc":{"start":{"line":2,"column":0},"end":{"line":2,"column":37}},"locations":[{"start":{"line":2,"column":0},"end":{"line":2,"column":37}}]},"9":{"type":"branch","line":2,"loc":{"start":{"line":2,"column":0},"end":{"line":2,"column":37}},"locations":[{"start":{"line":2,"column":0},"end":{"line":2,"column":37}}]},"10":{"type":"branch","line":2,"loc":{"start":{"line":2,"column":0},"end":{"line":2,"column":37}},"locations":[{"start":{"line":2,"column":0},"end":{"line":2,"column":37}}]},"11":{"type":"branch","line":2,"loc":{"start":{"line":2,"column":0},"end":{"line":2,"column":37}},"locations":[{"start":{"line":2,"column":0},"end":{"line":2,"column":37}}]},"12":{"type":"branch","line":2,"loc":{"start":{"line":2,"column":0},"end":{"line":2,"column":37}},"locations":[{"start":{"line":2,"column":0},"end":{"line":2,"column":37}}]},"13":{"type":"branch","line":2,"loc":{"start":{"line":2,"column":0},"end":{"line":2,"column":37}},"locations":[{"start":{"line":2,"column":0},"end":{"line":2,"column":37}}]},"14":{"type":"branch","line":2,"loc":{"start":{"line":2,"column":0},"end":{"line":2,"column":37}},"locations":[{"start":{"line":2,"column":0},"end":{"line":2,"column":37}}]},"15":{"type":"branch","line":2,"loc":{"start":{"line":2,"column":0},"end":{"line":2,"column":37}},"locations":[{"start":{"line":2,"column":0},"end":{"line":2,"column":37}}]},"16":{"type":"branch","line":11,"loc":{"start":{"line":11,"column":16},"end":{"line":14,"column":2}},"locations":[{"start":{"line":11,"column":16},"end":{"line":14,"column":2}}]},"17":{"type":"branch","line":11,"loc":{"start":{"line":11,"column":18},"end":{"line":13,"column":36}},"locations":[{"start":{"line":11,"column":18},"end":{"line":13,"column":36}}]},"18":{"type":"branch","line":11,"loc":{"start":{"line":11,"column":33},"end":{"line":13,"column":36}},"locations":[{"start":{"line":11,"column":33},"end":{"line":13,"column":36}}]},"19":{"type":"branch","line":11,"loc":{"start":{"line":11,"column":33},"end":{"line":12,"column":34}},"locations":[{"start":{"line":11,"column":33},"end":{"line":12,"column":34}}]},"20":{"type":"branch","line":12,"loc":{"start":{"line":12,"column":33},"end":{"line":13,"column":36}},"locations":[{"start":{"line":12,"column":33},"end":{"line":13,"column":36}}]},"21":{"type":"branch","line":14,"loc":{"start":{"line":14,"column":1},"end":{"line":14,"column":2}},"locations":[{"start":{"line":14,"column":1},"end":{"line":14,"column":2}}]},"22":{"type":"branch","line":16,"loc":{"start":{"line":16,"column":25},"end":{"line":19,"column":2}},"locations":[{"start":{"line":16,"column":25},"end":{"line":19,"column":2}}]},"23":{"type":"branch","line":16,"loc":{"start":{"line":16,"column":27},"end":{"line":18,"column":21}},"locations":[{"start":{"line":16,"column":27},"end":{"line":18,"column":21}}]},"24":{"type":"branch","line":16,"loc":{"start":{"line":16,"column":42},"end":{"line":18,"column":21}},"locations":[{"start":{"line":16,"column":42},"end":{"line":18,"column":21}}]},"25":{"type":"branch","line":16,"loc":{"start":{"line":16,"column":42},"end":{"line":17,"column":34}},"locations":[{"start":{"line":16,"column":42},"end":{"line":17,"column":34}}]},"26":{"type":"branch","line":17,"loc":{"start":{"line":17,"column":33},"end":{"line":18,"column":21}},"locations":[{"start":{"line":17,"column":33},"end":{"line":18,"column":21}}]},"27":{"type":"branch","line":19,"loc":{"start":{"line":19,"column":1},"end":{"line":19,"column":2}},"locations":[{"start":{"line":19,"column":1},"end":{"line":19,"column":2}}]},"28":{"type":"branch","line":21,"loc":{"start":{"line":21,"column":29},"end":{"line":29,"column":2}},"locations":[{"start":{"line":21,"column":29},"end":{"line":29,"column":2}}]},"29":{"type":"branch","line":21,"loc":{"start":{"line":21,"column":31},"end":{"line":28,"column":3}},"locations":[{"start":{"line":21,"column":31},"end":{"line":28,"column":3}}]},"30":{"type":"branch","line":21,"loc":{"start":{"line":21,"column":46},"end":{"line":28,"column":3}},"locations":[{"start":{"line":21,"column":46},"end":{"line":28,"column":3}}]},"31":{"type":"branch","line":21,"loc":{"start":{"line":21,"column":46},"end":{"line":23,"column":36}},"locations":[{"start":{"line":21,"column":46},"end":{"line":23,"column":36}}]},"32":{"type":"branch","line":23,"loc":{"start":{"line":23,"column":35},"end":{"line":28,"column":3}},"locations":[{"start":{"line":23,"column":35},"end":{"line":28,"column":3}}]},"33":{"type":"branch","line":24,"loc":{"start":{"line":24,"column":16},"end":{"line":28,"column":3}},"locations":[{"start":{"line":24,"column":16},"end":{"line":28,"column":3}}]},"34":{"type":"branch","line":29,"loc":{"start":{"line":29,"column":1},"end":{"line":29,"column":2}},"locations":[{"start":{"line":29,"column":1},"end":{"line":29,"column":2}}]},"35":{"type":"branch","line":31,"loc":{"start":{"line":31,"column":26},"end":{"line":39,"column":2}},"locations":[{"start":{"line":31,"column":26},"end":{"line":39,"column":2}}]},"36":{"type":"branch","line":31,"loc":{"start":{"line":31,"column":28},"end":{"line":37,"column":34}},"locations":[{"start":{"line":31,"column":28},"end":{"line":37,"column":34}}]},"37":{"type":"branch","line":31,"loc":{"start":{"line":31,"column":43},"end":{"line":37,"column":34}},"locations":[{"start":{"line":31,"column":43},"end":{"line":37,"column":34}}]},"38":{"type":"branch","line":31,"loc":{"start":{"line":31,"column":43},"end":{"line":37,"column":34}},"locations":[{"start":{"line":31,"column":43},"end":{"line":37,"column":34}}]},"39":{"type":"branch","line":31,"loc":{"start":{"line":31,"column":43},"end":{"line":34,"column":24}},"locations":[{"start":{"line":31,"column":43},"end":{"line":34,"column":24}}]},"40":{"type":"branch","line":33,"loc":{"start":{"line":33,"column":14},"end":{"line":33,"column":17}},"locations":[{"start":{"line":33,"column":14},"end":{"line":33,"column":17}}]},"41":{"type":"branch","line":33,"loc":{"start":{"line":33,"column":14},"end":{"line":34,"column":24}},"locations":[{"start":{"line":33,"column":14},"end":{"line":34,"column":24}}]},"42":{"type":"branch","line":35,"loc":{"start":{"line":35,"column":-2},"end":{"line":36,"column":42}},"locations":[{"start":{"line":35,"column":-2},"end":{"line":36,"column":42}}]},"43":{"type":"branch","line":36,"loc":{"start":{"line":36,"column":41},"end":{"line":37,"column":34}},"locations":[{"start":{"line":36,"column":41},"end":{"line":37,"column":34}}]},"44":{"type":"branch","line":39,"loc":{"start":{"line":39,"column":1},"end":{"line":39,"column":2}},"locations":[{"start":{"line":39,"column":1},"end":{"line":39,"column":2}}]},"45":{"type":"branch","line":41,"loc":{"start":{"line":41,"column":29},"end":{"line":56,"column":2}},"locations":[{"start":{"line":41,"column":29},"end":{"line":56,"column":2}}]},"46":{"type":"branch","line":41,"loc":{"start":{"line":41,"column":31},"end":{"line":53,"column":26}},"locations":[{"start":{"line":41,"column":31},"end":{"line":53,"column":26}}]},"47":{"type":"branch","line":41,"loc":{"start":{"line":41,"column":46},"end":{"line":53,"column":26}},"locations":[{"start":{"line":41,"column":46},"end":{"line":53,"column":26}}]},"48":{"type":"branch","line":41,"loc":{"start":{"line":41,"column":46},"end":{"line":53,"column":26}},"locations":[{"start":{"line":41,"column":46},"end":{"line":53,"column":26}}]},"49":{"type":"branch","line":41,"loc":{"start":{"line":41,"column":46},"end":{"line":46,"column":24}},"locations":[{"start":{"line":41,"column":46},"end":{"line":46,"column":24}}]},"50":{"type":"branch","line":45,"loc":{"start":{"line":45,"column":14},"end":{"line":46,"column":24}},"locations":[{"start":{"line":45,"column":14},"end":{"line":46,"column":24}}]},"51":{"type":"branch","line":47,"loc":{"start":{"line":47,"column":-2},"end":{"line":48,"column":38}},"locations":[{"start":{"line":47,"column":-2},"end":{"line":48,"column":38}}]},"52":{"type":"branch","line":48,"loc":{"start":{"line":48,"column":37},"end":{"line":50,"column":26}},"locations":[{"start":{"line":48,"column":37},"end":{"line":50,"column":26}}]},"53":{"type":"branch","line":49,"loc":{"start":{"line":49,"column":16},"end":{"line":50,"column":26}},"locations":[{"start":{"line":49,"column":16},"end":{"line":50,"column":26}}]},"54":{"type":"branch","line":51,"loc":{"start":{"line":51,"column":-2},"end":{"line":52,"column":36}},"locations":[{"start":{"line":51,"column":-2},"end":{"line":52,"column":36}}]},"55":{"type":"branch","line":52,"loc":{"start":{"line":52,"column":35},"end":{"line":53,"column":26}},"locations":[{"start":{"line":52,"column":35},"end":{"line":53,"column":26}}]},"56":{"type":"branch","line":56,"loc":{"start":{"line":56,"column":1},"end":{"line":56,"column":2}},"locations":[{"start":{"line":56,"column":1},"end":{"line":56,"column":2}}]},"57":{"type":"branch","line":58,"loc":{"start":{"line":58,"column":32},"end":{"line":67,"column":2}},"locations":[{"start":{"line":58,"column":32},"end":{"line":67,"column":2}}]},"58":{"type":"branch","line":58,"loc":{"start":{"line":58,"column":34},"end":{"line":66,"column":22}},"locations":[{"start":{"line":58,"column":34},"end":{"line":66,"column":22}}]},"59":{"type":"branch","line":58,"loc":{"start":{"line":58,"column":49},"end":{"line":66,"column":22}},"locations":[{"start":{"line":58,"column":49},"end":{"line":66,"column":22}}]},"60":{"type":"branch","line":58,"loc":{"start":{"line":58,"column":49},"end":{"line":66,"column":22}},"locations":[{"start":{"line":58,"column":49},"end":{"line":66,"column":22}}]},"61":{"type":"branch","line":58,"loc":{"start":{"line":58,"column":49},"end":{"line":60,"column":36}},"locations":[{"start":{"line":58,"column":49},"end":{"line":60,"column":36}}]},"62":{"type":"branch","line":60,"loc":{"start":{"line":60,"column":35},"end":{"line":62,"column":24}},"locations":[{"start":{"line":60,"column":35},"end":{"line":62,"column":24}}]},"63":{"type":"branch","line":61,"loc":{"start":{"line":61,"column":14},"end":{"line":62,"column":24}},"locations":[{"start":{"line":61,"column":14},"end":{"line":62,"column":24}}]},"64":{"type":"branch","line":63,"loc":{"start":{"line":63,"column":-2},"end":{"line":65,"column":23}},"locations":[{"start":{"line":63,"column":-2},"end":{"line":65,"column":23}}]},"65":{"type":"branch","line":65,"loc":{"start":{"line":65,"column":22},"end":{"line":66,"column":22}},"locations":[{"start":{"line":65,"column":22},"end":{"line":66,"column":22}}]},"66":{"type":"branch","line":67,"loc":{"start":{"line":67,"column":1},"end":{"line":67,"column":2}},"locations":[{"start":{"line":67,"column":1},"end":{"line":67,"column":2}}]}},"b":{"0":[1],"1":[0],"2":[24],"3":[23],"4":[0],"5":[1],"6":[3],"7":[26],"8":[26],"9":[0],"10":[14],"11":[12],"12":[6],"13":[14],"14":[14],"15":[26],"16":[1],"17":[1],"18":[2],"19":[1],"20":[1],"21":[1],"22":[1],"23":[2],"24":[4],"25":[2],"26":[2],"27":[2],"28":[1],"29":[2],"30":[4],"31":[2],"32":[2],"33":[1],"34":[2],"35":[1],"36":[3],"37":[4],"38":[7],"39":[3],"40":[1],"41":[2],"42":[1],"43":[1],"44":[3],"45":[1],"46":[4],"47":[7],"48":[13],"49":[4],"50":[2],"51":[2],"52":[2],"53":[1],"54":[1],"55":[1],"56":[4],"57":[1],"58":[2],"59":[5],"60":[6],"61":[2],"62":[2],"63":[1],"64":[1],"65":[1],"66":[2]},"fnMap":{"0":{"name":"_regeneratorDefine2","decl":{"start":{"line":2,"column":0},"end":{"line":2,"column":37}},"loc":{"start":{"line":2,"column":0},"end":{"line":2,"column":37}},"line":2},"1":{"name":"_regeneratorDefine","decl":{"start":{"line":2,"column":0},"end":{"line":2,"column":37}},"loc":{"start":{"line":2,"column":0},"end":{"line":2,"column":37}},"line":2},"2":{"name":"o","decl":{"start":{"line":2,"column":0},"end":{"line":2,"column":37}},"loc":{"start":{"line":2,"column":0},"end":{"line":2,"column":37}},"line":2},"3":{"name":"asyncGeneratorStep","decl":{"start":{"line":2,"column":0},"end":{"line":2,"column":37}},"loc":{"start":{"line":2,"column":0},"end":{"line":2,"column":37}},"line":2},"4":{"name":"_asyncToGenerator","decl":{"start":{"line":2,"column":0},"end":{"line":2,"column":37}},"loc":{"start":{"line":2,"column":0},"end":{"line":2,"column":37}},"line":2},"5":{"name":"_next","decl":{"start":{"line":2,"column":0},"end":{"line":2,"column":37}},"loc":{"start":{"line":2,"column":0},"end":{"line":2,"column":37}},"line":2},"6":{"name":"_throw","decl":{"start":{"line":2,"column":0},"end":{"line":2,"column":37}},"loc":{"start":{"line":2,"column":0},"end":{"line":2,"column":37}},"line":2},"7":{"name":"_callee","decl":{"start":{"line":11,"column":18},"end":{"line":13,"column":36}},"loc":{"start":{"line":11,"column":18},"end":{"line":13,"column":36}},"line":11},"8":{"name":"_callee2","decl":{"start":{"line":16,"column":27},"end":{"line":18,"column":21}},"loc":{"start":{"line":16,"column":27},"end":{"line":18,"column":21}},"line":16},"9":{"name":"_callee3","decl":{"start":{"line":21,"column":31},"end":{"line":28,"column":3}},"loc":{"start":{"line":21,"column":31},"end":{"line":28,"column":3}},"line":21},"10":{"name":"_callee4","decl":{"start":{"line":31,"column":28},"end":{"line":37,"column":34}},"loc":{"start":{"line":31,"column":28},"end":{"line":37,"column":34}},"line":31},"11":{"name":"_callee5","decl":{"start":{"line":41,"column":31},"end":{"line":53,"column":26}},"loc":{"start":{"line":41,"column":31},"end":{"line":53,"column":26}},"line":41},"12":{"name":"_callee6","decl":{"start":{"line":58,"column":34},"end":{"line":66,"column":22}},"loc":{"start":{"line":58,"column":34},"end":{"line":66,"column":22}},"line":58}},"f":{"0":1,"1":24,"2":3,"3":26,"4":6,"5":26,"6":0,"7":1,"8":2,"9":2,"10":3,"11":4,"12":2}}
,"C:\\go\\dev\\nodejs\\beginner\\whispering-mongo-db\\store.js": {"path":"C:\\go\\dev\\nodejs\\beginner\\whispering-mongo-db\\store.js","all":false,"statementMap":{"0":{"start":{"line":1,"column":0},"end":{"line":1,"column":40}},"1":{"start":{"line":2,"column":0},"end":{"line":2,"column":0}},"2":{"start":{"line":3,"column":0},"end":{"line":3,"column":36}},"3":{"start":{"line":4,"column":0},"end":{"line":4,"column":0}},"4":{"start":{"line":5,"column":0},"end":{"line":5,"column":54}},"5":{"start":{"line":6,"column":0},"end":{"line":6,"column":0}},"6":{"start":{"line":7,"column":0},"end":{"line":7,"column":35}},"7":{"start":{"line":8,"column":0},"end":{"line":8,"column":49}},"8":{"start":{"line":9,"column":0},"end":{"line":9,"column":28}},"9":{"start":{"line":10,"column":0},"end":{"line":10,"column":20}},"10":{"start":{"line":11,"column":0},"end":{"line":11,"column":2}},"11":{"start":{"line":12,"column":0},"end":{"line":12,"column":0}},"12":{"start":{"line":13,"column":0},"end":{"line":13,"column":41}},"13":{"start":{"line":14,"column":0},"end":{"line":14,"column":69}},"14":{"start":{"line":15,"column":0},"end":{"line":15,"column":0}},"15":{"start":{"line":16,"column":0},"end":{"line":16,"column":64}},"16":{"start":{"line":17,"column":0},"end":{"line":17,"column":0}},"17":{"start":{"line":18,"column":0},"end":{"line":18,"column":59}}},"s":{"0":1,"1":1,"2":1,"3":1,"4":1,"5":1,"6":1,"7":1,"8":2,"9":1,"10":1,"11":1,"12":1,"13":1,"14":1,"15":1,"16":1,"17":1},"branchMap":{"0":{"type":"branch","line":2,"loc":{"start":{"line":2,"column":-2},"end":{"line":2,"column":0}},"locations":[{"start":{"line":2,"column":-2},"end":{"line":2,"column":0}}]},"1":{"type":"branch","line":3,"loc":{"start":{"line":3,"column":15},"end":{"line":3,"column":36}},"locations":[{"start":{"line":3,"column":15},"end":{"line":3,"column":36}}]},"2":{"type":"branch","line":5,"loc":{"start":{"line":5,"column":16},"end":{"line":5,"column":54}},"locations":[{"start":{"line":5,"column":16},"end":{"line":5,"column":54}}]},"3":{"type":"branch","line":7,"loc":{"start":{"line":7,"column":12},"end":{"line":7,"column":15}},"locations":[{"start":{"line":7,"column":12},"end":{"line":7,"column":15}}]},"4":{"type":"branch","line":7,"loc":{"start":{"line":7,"column":15},"end":{"line":10,"column":20}},"locations":[{"start":{"line":7,"column":15},"end":{"line":10,"column":20}}]},"5":{"type":"branch","line":7,"loc":{"start":{"line":7,"column":29},"end":{"line":10,"column":20}},"locations":[{"start":{"line":7,"column":29},"end":{"line":10,"column":20}}]},"6":{"type":"branch","line":7,"loc":{"start":{"line":7,"column":29},"end":{"line":9,"column":21}},"locations":[{"start":{"line":7,"column":29},"end":{"line":9,"column":21}}]},"7":{"type":"branch","line":9,"loc":{"start":{"line":9,"column":19},"end":{"line":10,"column":20}},"locations":[{"start":{"line":9,"column":19},"end":{"line":10,"column":20}}]},"8":{"type":"branch","line":13,"loc":{"start":{"line":13,"column":16},"end":{"line":13,"column":19}},"locations":[{"start":{"line":13,"column":16},"end":{"line":13,"column":19}}]},"9":{"type":"branch","line":13,"loc":{"start":{"line":13,"column":19},"end":{"line":14,"column":69}},"locations":[{"start":{"line":13,"column":19},"end":{"line":14,"column":69}}]},"10":{"type":"branch","line":13,"loc":{"start":{"line":13,"column":37},"end":{"line":14,"column":69}},"locations":[{"start":{"line":13,"column":37},"end":{"line":14,"column":69}}]},"11":{"type":"branch","line":16,"loc":{"start":{"line":16,"column":16},"end":{"line":16,"column":19}},"locations":[{"start":{"line":16,"column":16},"end":{"line":16,"column":19}}]},"12":{"type":"branch","line":16,"loc":{"start":{"line":16,"column":19},"end":{"line":16,"column":64}},"locations":[{"start":{"line":16,"column":19},"end":{"line":16,"column":64}}]},"13":{"type":"branch","line":16,"loc":{"start":{"line":16,"column":28},"end":{"line":16,"column":64}},"locations":[{"start":{"line":16,"column":28},"end":{"line":16,"column":64}}]},"14":{"type":"branch","line":16,"loc":{"start":{"line":16,"column":63},"end":{"line":16,"column":19}},"locations":[{"start":{"line":16,"column":63},"end":{"line":16,"column":19}}]}},"b":{"0":[1],"1":[3],"2":[9],"3":[1],"4":[1],"5":[2],"6":[1],"7":[1],"8":[1],"9":[1],"10":[1],"11":[1],"12":[1],"13":[1],"14":[1]},"fnMap":{"0":{"name":"_regenerator","decl":{"start":{"line":2,"column":-2},"end":{"line":2,"column":0}},"loc":{"start":{"line":2,"column":-2},"end":{"line":2,"column":0}},"line":2},"1":{"name":"getAll","decl":{"start":{"line":3,"column":15},"end":{"line":3,"column":36}},"loc":{"start":{"line":3,"column":15},"end":{"line":3,"column":36}},"line":3},"2":{"name":"getById","decl":{"start":{"line":5,"column":16},"end":{"line":5,"column":54}},"loc":{"start":{"line":5,"column":16},"end":{"line":5,"column":54}},"line":5},"3":{"name":"_callee","decl":{"start":{"line":7,"column":15},"end":{"line":10,"column":20}},"loc":{"start":{"line":7,"column":15},"end":{"line":10,"column":20}},"line":7},"4":{"name":"_callee2","decl":{"start":{"line":13,"column":19},"end":{"line":14,"column":69}},"loc":{"start":{"line":13,"column":19},"end":{"line":14,"column":69}},"line":13},"5":{"name":"_callee3","decl":{"start":{"line":16,"column":19},"end":{"line":16,"column":64}},"loc":{"start":{"line":16,"column":19},"end":{"line":16,"column":64}},"line":16},"6":{"name":"deleteById","decl":{"start":{"line":16,"column":63},"end":{"line":16,"column":19}},"loc":{"start":{"line":16,"column":63},"end":{"line":16,"column":19}},"line":16}},"f":{"0":1,"1":3,"2":9,"3":1,"4":1,"5":1,"6":1}}
}
