{"C:\\go\\dev\\nodejs\\beginner\\whispering-mongo-db\\database.js": {"path":"C:\\go\\dev\\nodejs\\beginner\\whispering-mongo-db\\database.js","all":false,"statementMap":{"0":{"start":{"line":1,"column":0},"end":{"line":1,"column":32}},"1":{"start":{"line":2,"column":0},"end":{"line":2,"column":34}},"2":{"start":{"line":3,"column":0},"end":{"line":3,"column":28}},"3":{"start":{"line":4,"column":0},"end":{"line":4,"column":51}},"4":{"start":{"line":5,"column":0},"end":{"line":5,"column":0}},"5":{"start":{"line":6,"column":0},"end":{"line":6,"column":24}},"6":{"start":{"line":7,"column":0},"end":{"line":7,"column":17}},"7":{"start":{"line":8,"column":0},"end":{"line":8,"column":34}},"8":{"start":{"line":9,"column":0},"end":{"line":9,"column":25}},"9":{"start":{"line":10,"column":0},"end":{"line":10,"column":25}},"10":{"start":{"line":11,"column":0},"end":{"line":11,"column":4}},"11":{"start":{"line":12,"column":0},"end":{"line":12,"column":3}},"12":{"start":{"line":13,"column":0},"end":{"line":13,"column":0}},"13":{"start":{"line":14,"column":0},"end":{"line":14,"column":21}},"14":{"start":{"line":15,"column":0},"end":{"line":15,"column":40}},"15":{"start":{"line":16,"column":0},"end":{"line":16,"column":13}},"16":{"start":{"line":17,"column":0},"end":{"line":17,"column":17}},"17":{"start":{"line":18,"column":0},"end":{"line":18,"column":17}},"18":{"start":{"line":19,"column":0},"end":{"line":19,"column":15}},"19":{"start":{"line":20,"column":0},"end":{"line":20,"column":45}},"20":{"start":{"line":21,"column":0},"end":{"line":21,"column":66}},"21":{"start":{"line":22,"column":0},"end":{"line":22,"column":67}},"22":{"start":{"line":23,"column":0},"end":{"line":23,"column":4}},"23":{"start":{"line":24,"column":0},"end":{"line":24,"column":13}},"24":{"start":{"line":25,"column":0},"end":{"line":25,"column":17}},"25":{"start":{"line":26,"column":0},"end":{"line":26,"column":45}},"26":{"start":{"line":27,"column":0},"end":{"line":27,"column":66}},"27":{"start":{"line":28,"column":0},"end":{"line":28,"column":15}},"28":{"start":{"line":29,"column":0},"end":{"line":29,"column":39}},"29":{"start":{"line":30,"column":0},"end":{"line":30,"column":6}},"30":{"start":{"line":31,"column":0},"end":{"line":31,"column":4}},"31":{"start":{"line":32,"column":0},"end":{"line":32,"column":10}},"32":{"start":{"line":33,"column":0},"end":{"line":33,"column":17}},"33":{"start":{"line":34,"column":0},"end":{"line":34,"column":17}},"34":{"start":{"line":35,"column":0},"end":{"line":35,"column":15}},"35":{"start":{"line":36,"column":0},"end":{"line":36,"column":20}},"36":{"start":{"line":37,"column":0},"end":{"line":37,"column":18}},"37":{"start":{"line":38,"column":0},"end":{"line":38,"column":42}},"38":{"start":{"line":39,"column":0},"end":{"line":39,"column":15}},"39":{"start":{"line":40,"column":0},"end":{"line":40,"column":35}},"40":{"start":{"line":41,"column":0},"end":{"line":41,"column":36}},"41":{"start":{"line":42,"column":0},"end":{"line":42,"column":6}},"42":{"start":{"line":43,"column":0},"end":{"line":43,"column":4}},"43":{"start":{"line":44,"column":0},"end":{"line":44,"column":3}},"44":{"start":{"line":45,"column":0},"end":{"line":45,"column":0}},"45":{"start":{"line":46,"column":0},"end":{"line":46,"column":43}},"46":{"start":{"line":47,"column":0},"end":{"line":47,"column":64}},"47":{"start":{"line":48,"column":0},"end":{"line":48,"column":18}},"48":{"start":{"line":49,"column":0},"end":{"line":49,"column":16}},"49":{"start":{"line":50,"column":0},"end":{"line":50,"column":15}},"50":{"start":{"line":51,"column":0},"end":{"line":51,"column":22}},"51":{"start":{"line":52,"column":0},"end":{"line":52,"column":4}},"52":{"start":{"line":53,"column":0},"end":{"line":53,"column":17}},"53":{"start":{"line":54,"column":0},"end":{"line":54,"column":15}},"54":{"start":{"line":55,"column":0},"end":{"line":55,"column":22}},"55":{"start":{"line":56,"column":0},"end":{"line":56,"column":4}},"56":{"start":{"line":57,"column":0},"end":{"line":57,"column":3}},"57":{"start":{"line":58,"column":0},"end":{"line":58,"column":0}},"58":{"start":{"line":59,"column":0},"end":{"line":59,"column":13}},"59":{"start":{"line":60,"column":0},"end":{"line":60,"column":43}},"60":{"start":{"line":61,"column":0},"end":{"line":61,"column":32}},"61":{"start":{"line":62,"column":0},"end":{"line":62,"column":9}},"62":{"start":{"line":63,"column":0},"end":{"line":63,"column":3}},"63":{"start":{"line":64,"column":0},"end":{"line":64,"column":0}},"64":{"start":{"line":65,"column":0},"end":{"line":65,"column":46}},"65":{"start":{"line":66,"column":0},"end":{"line":66,"column":20}},"66":{"start":{"line":67,"column":0},"end":{"line":67,"column":36}},"67":{"start":{"line":68,"column":0},"end":{"line":68,"column":40}},"68":{"start":{"line":69,"column":0},"end":{"line":69,"column":59}},"69":{"start":{"line":70,"column":0},"end":{"line":70,"column":3}},"70":{"start":{"line":71,"column":0},"end":{"line":71,"column":9}},"71":{"start":{"line":72,"column":0},"end":{"line":72,"column":3}},"72":{"start":{"line":73,"column":0},"end":{"line":73,"column":0}},"73":{"start":{"line":74,"column":0},"end":{"line":74,"column":73}},"74":{"start":{"line":75,"column":0},"end":{"line":75,"column":20}},"75":{"start":{"line":76,"column":0},"end":{"line":76,"column":64}},"76":{"start":{"line":77,"column":0},"end":{"line":77,"column":2}},"77":{"start":{"line":78,"column":0},"end":{"line":78,"column":0}},"78":{"start":{"line":79,"column":0},"end":{"line":79,"column":20}},"79":{"start":{"line":80,"column":0},"end":{"line":80,"column":57}},"80":{"start":{"line":81,"column":0},"end":{"line":81,"column":48}},"81":{"start":{"line":82,"column":0},"end":{"line":82,"column":0}},"82":{"start":{"line":83,"column":0},"end":{"line":83,"column":25}}},"s":{"0":1,"1":1,"2":1,"3":1,"4":1,"5":1,"6":1,"7":1,"8":139,"9":139,"10":139,"11":1,"12":1,"13":1,"14":1,"15":1,"16":1,"17":1,"18":1,"19":1,"20":1,"21":1,"22":1,"23":1,"24":1,"25":1,"26":1,"27":1,"28":1,"29":1,"30":1,"31":1,"32":1,"33":1,"34":1,"35":1,"36":1,"37":1,"38":1,"39":1,"40":1,"41":1,"42":1,"43":1,"44":1,"45":1,"46":1,"47":1,"48":1,"49":1,"50":1,"51":1,"52":1,"53":1,"54":1,"55":1,"56":1,"57":1,"58":1,"59":1,"60":66,"61":66,"62":1,"63":1,"64":1,"65":65,"66":65,"67":65,"68":65,"69":65,"70":65,"71":1,"72":1,"73":1,"74":3,"75":3,"76":1,"77":1,"78":1,"79":1,"80":1,"81":1,"82":1},"branchMap":{"0":{"type":"branch","line":2,"loc":{"start":{"line":2,"column":0},"end":{"line":2,"column":34}},"locations":[{"start":{"line":2,"column":0},"end":{"line":2,"column":34}}]},"1":{"type":"branch","line":2,"loc":{"start":{"line":2,"column":0},"end":{"line":2,"column":34}},"locations":[{"start":{"line":2,"column":0},"end":{"line":2,"column":34}}]},"2":{"type":"branch","line":2,"loc":{"start":{"line":2,"column":0},"end":{"line":2,"column":34}},"locations":[{"start":{"line":2,"column":0},"end":{"line":2,"column":34}}]},"3":{"type":"branch","line":2,"loc":{"start":{"line":2,"column":0},"end":{"line":2,"column":34}},"locations":[{"start":{"line":2,"column":0},"end":{"line":2,"column":34}}]},"4":{"type":"branch","line":2,"loc":{"start":{"line":2,"column":0},"end":{"line":2,"column":34}},"locations":[{"start":{"line":2,"column":0},"end":{"line":2,"column":34}}]},"5":{"type":"branch","line":2,"loc":{"start":{"line":2,"column":0},"end":{"line":2,"column":34}},"locations":[{"start":{"line":2,"column":0},"end":{"line":2,"column":34}}]},"6":{"type":"branch","line":2,"loc":{"start":{"line":2,"column":0},"end":{"line":2,"column":34}},"locations":[{"start":{"line":2,"column":0},"end":{"line":2,"column":34}}]},"7":{"type":"branch","line":2,"loc":{"start":{"line":2,"column":0},"end":{"line":2,"column":34}},"locations":[{"start":{"line":2,"column":0},"end":{"line":2,"column":34}}]},"8":{"type":"branch","line":2,"loc":{"start":{"line":2,"column":0},"end":{"line":2,"column":34}},"locations":[{"start":{"line":2,"column":0},"end":{"line":2,"column":34}}]},"9":{"type":"branch","line":2,"loc":{"start":{"line":2,"column":0},"end":{"line":2,"column":34}},"locations":[{"start":{"line":2,"column":0},"end":{"line":2,"column":34}}]},"10":{"type":"branch","line":2,"loc":{"start":{"line":2,"column":0},"end":{"line":2,"column":34}},"locations":[{"start":{"line":2,"column":0},"end":{"line":2,"column":34}}]},"11":{"type":"branch","line":2,"loc":{"start":{"line":2,"column":0},"end":{"line":2,"column":34}},"locations":[{"start":{"line":2,"column":0},"end":{"line":2,"column":34}}]},"12":{"type":"branch","line":2,"loc":{"start":{"line":2,"column":0},"end":{"line":2,"column":34}},"locations":[{"start":{"line":2,"column":0},"end":{"line":2,"column":34}}]},"13":{"type":"branch","line":2,"loc":{"start":{"line":2,"column":0},"end":{"line":2,"column":34}},"locations":[{"start":{"line":2,"column":0},"end":{"line":2,"column":34}}]},"14":{"type":"branch","line":2,"loc":{"start":{"line":2,"column":0},"end":{"line":2,"column":34}},"locations":[{"start":{"line":2,"column":0},"end":{"line":2,"column":34}}]},"15":{"type":"branch","line":2,"loc":{"start":{"line":2,"column":0},"end":{"line":2,"column":34}},"locations":[{"start":{"line":2,"column":0},"end":{"line":2,"column":34}}]},"16":{"type":"branch","line":2,"loc":{"start":{"line":2,"column":0},"end":{"line":2,"column":34}},"locations":[{"start":{"line":2,"column":0},"end":{"line":2,"column":34}}]},"17":{"type":"branch","line":2,"loc":{"start":{"line":2,"column":0},"end":{"line":2,"column":34}},"locations":[{"start":{"line":2,"column":0},"end":{"line":2,"column":34}}]},"18":{"type":"branch","line":8,"loc":{"start":{"line":8,"column":13},"end":{"line":11,"column":4}},"locations":[{"start":{"line":8,"column":13},"end":{"line":11,"column":4}}]},"19":{"type":"branch","line":60,"loc":{"start":{"line":60,"column":26},"end":{"line":63,"column":2}},"locations":[{"start":{"line":60,"column":26},"end":{"line":63,"column":2}}]},"20":{"type":"branch","line":65,"loc":{"start":{"line":65,"column":21},"end":{"line":72,"column":2}},"locations":[{"start":{"line":65,"column":21},"end":{"line":72,"column":2}}]},"21":{"type":"branch","line":65,"loc":{"start":{"line":65,"column":23},"end":{"line":71,"column":9}},"locations":[{"start":{"line":65,"column":23},"end":{"line":71,"column":9}}]},"22":{"type":"branch","line":65,"loc":{"start":{"line":65,"column":43},"end":{"line":71,"column":9}},"locations":[{"start":{"line":65,"column":43},"end":{"line":71,"column":9}}]},"23":{"type":"branch","line":65,"loc":{"start":{"line":65,"column":43},"end":{"line":68,"column":40}},"locations":[{"start":{"line":65,"column":43},"end":{"line":68,"column":40}}]},"24":{"type":"branch","line":67,"loc":{"start":{"line":67,"column":33},"end":{"line":67,"column":36}},"locations":[{"start":{"line":67,"column":33},"end":{"line":67,"column":36}}]},"25":{"type":"branch","line":68,"loc":{"start":{"line":68,"column":39},"end":{"line":69,"column":59}},"locations":[{"start":{"line":68,"column":39},"end":{"line":69,"column":59}}]},"26":{"type":"branch","line":69,"loc":{"start":{"line":69,"column":58},"end":{"line":69,"column":26}},"locations":[{"start":{"line":69,"column":58},"end":{"line":69,"column":26}}]},"27":{"type":"branch","line":69,"loc":{"start":{"line":69,"column":17},"end":{"line":71,"column":9}},"locations":[{"start":{"line":69,"column":17},"end":{"line":71,"column":9}}]},"28":{"type":"branch","line":72,"loc":{"start":{"line":72,"column":1},"end":{"line":72,"column":2}},"locations":[{"start":{"line":72,"column":1},"end":{"line":72,"column":2}}]},"29":{"type":"branch","line":74,"loc":{"start":{"line":74,"column":34},"end":{"line":77,"column":2}},"locations":[{"start":{"line":74,"column":34},"end":{"line":77,"column":2}}]},"30":{"type":"branch","line":74,"loc":{"start":{"line":74,"column":37},"end":{"line":76,"column":64}},"locations":[{"start":{"line":74,"column":37},"end":{"line":76,"column":64}}]},"31":{"type":"branch","line":74,"loc":{"start":{"line":74,"column":70},"end":{"line":76,"column":64}},"locations":[{"start":{"line":74,"column":70},"end":{"line":76,"column":64}}]},"32":{"type":"branch","line":74,"loc":{"start":{"line":74,"column":70},"end":{"line":76,"column":64}},"locations":[{"start":{"line":74,"column":70},"end":{"line":76,"column":64}}]},"33":{"type":"branch","line":76,"loc":{"start":{"line":76,"column":63},"end":{"line":76,"column":64}},"locations":[{"start":{"line":76,"column":63},"end":{"line":76,"column":64}}]},"34":{"type":"branch","line":77,"loc":{"start":{"line":77,"column":1},"end":{"line":77,"column":2}},"locations":[{"start":{"line":77,"column":1},"end":{"line":77,"column":2}}]}},"b":{"0":[1],"1":[0],"2":[78],"3":[77],"4":[0],"5":[1],"6":[3],"7":[201],"8":[201],"9":[1],"10":[200],"11":[67],"12":[133],"13":[2],"14":[68],"15":[68],"16":[200],"17":[1],"18":[139],"19":[66],"20":[1],"21":[65],"22":[195],"23":[65],"24":[0],"25":[65],"26":[65],"27":[65],"28":[65],"29":[1],"30":[3],"31":[5],"32":[3],"33":[2],"34":[3]},"fnMap":{"0":{"name":"_regeneratorDefine2","decl":{"start":{"line":2,"column":0},"end":{"line":2,"column":34}},"loc":{"start":{"line":2,"column":0},"end":{"line":2,"column":34}},"line":2},"1":{"name":"_regeneratorDefine","decl":{"start":{"line":2,"column":0},"end":{"line":2,"column":34}},"loc":{"start":{"line":2,"column":0},"end":{"line":2,"column":34}},"line":2},"2":{"name":"o","decl":{"start":{"line":2,"column":0},"end":{"line":2,"column":34}},"loc":{"start":{"line":2,"column":0},"end":{"line":2,"column":34}},"line":2},"3":{"name":"asyncGeneratorStep","decl":{"start":{"line":2,"column":0},"end":{"line":2,"column":34}},"loc":{"start":{"line":2,"column":0},"end":{"line":2,"column":34}},"line":2},"4":{"name":"_asyncToGenerator","decl":{"start":{"line":2,"column":0},"end":{"line":2,"column":34}},"loc":{"start":{"line":2,"column":0},"end":{"line":2,"column":34}},"line":2},"5":{"name":"_next","decl":{"start":{"line":2,"column":0},"end":{"line":2,"column":34}},"loc":{"start":{"line":2,"column":0},"end":{"line":2,"column":34}},"line":2},"6":{"name":"_throw","decl":{"start":{"line":2,"column":0},"end":{"line":2,"column":34}},"loc":{"start":{"line":2,"column":0},"end":{"line":2,"column":34}},"line":2},"7":{"name":"transform","decl":{"start":{"line":8,"column":13},"end":{"line":11,"column":4}},"loc":{"start":{"line":8,"column":13},"end":{"line":11,"column":4}},"line":8},"8":{"name":"_callee","decl":{"start":{"line":65,"column":23},"end":{"line":71,"column":9}},"loc":{"start":{"line":65,"column":23},"end":{"line":71,"column":9}},"line":65},"9":{"name":"_callee2","decl":{"start":{"line":74,"column":37},"end":{"line":76,"column":64}},"loc":{"start":{"line":74,"column":37},"end":{"line":76,"column":64}},"line":74}},"f":{"0":1,"1":78,"2":3,"3":201,"4":2,"5":200,"6":1,"7":139,"8":65,"9":3}}
,"C:\\go\\dev\\nodejs\\beginner\\whispering-mongo-db\\server.js": {"path":"C:\\go\\dev\\nodejs\\beginner\\whispering-mongo-db\\server.js","all":false,"statementMap":{"0":{"start":{"line":1,"column":0},"end":{"line":1,"column":30}},"1":{"start":{"line":2,"column":0},"end":{"line":2,"column":37}},"2":{"start":{"line":3,"column":0},"end":{"line":3,"column":41}},"3":{"start":{"line":4,"column":0},"end":{"line":4,"column":47}},"4":{"start":{"line":5,"column":0},"end":{"line":5,"column":66}},"5":{"start":{"line":6,"column":0},"end":{"line":6,"column":0}},"6":{"start":{"line":7,"column":0},"end":{"line":7,"column":22}},"7":{"start":{"line":8,"column":0},"end":{"line":8,"column":34}},"8":{"start":{"line":9,"column":0},"end":{"line":9,"column":27}},"9":{"start":{"line":10,"column":0},"end":{"line":10,"column":30}},"10":{"start":{"line":11,"column":0},"end":{"line":11,"column":0}},"11":{"start":{"line":12,"column":0},"end":{"line":12,"column":39}},"12":{"start":{"line":13,"column":0},"end":{"line":13,"column":42}},"13":{"start":{"line":14,"column":0},"end":{"line":14,"column":36}},"14":{"start":{"line":15,"column":0},"end":{"line":15,"column":3}},"15":{"start":{"line":16,"column":0},"end":{"line":16,"column":0}},"16":{"start":{"line":17,"column":0},"end":{"line":17,"column":34}},"17":{"start":{"line":18,"column":0},"end":{"line":18,"column":25}},"18":{"start":{"line":19,"column":0},"end":{"line":19,"column":3}},"19":{"start":{"line":20,"column":0},"end":{"line":20,"column":0}},"20":{"start":{"line":21,"column":0},"end":{"line":21,"column":39}},"21":{"start":{"line":22,"column":0},"end":{"line":22,"column":22}},"22":{"start":{"line":23,"column":0},"end":{"line":23,"column":3}},"23":{"start":{"line":24,"column":0},"end":{"line":24,"column":0}},"24":{"start":{"line":25,"column":0},"end":{"line":25,"column":40}},"25":{"start":{"line":26,"column":0},"end":{"line":26,"column":7}},"26":{"start":{"line":27,"column":0},"end":{"line":27,"column":44}},"27":{"start":{"line":28,"column":0},"end":{"line":28,"column":74}},"28":{"start":{"line":29,"column":0},"end":{"line":29,"column":71}},"29":{"start":{"line":30,"column":0},"end":{"line":30,"column":30}},"30":{"start":{"line":31,"column":0},"end":{"line":31,"column":17}},"31":{"start":{"line":32,"column":0},"end":{"line":32,"column":49}},"32":{"start":{"line":33,"column":0},"end":{"line":33,"column":3}},"33":{"start":{"line":34,"column":0},"end":{"line":34,"column":3}},"34":{"start":{"line":35,"column":0},"end":{"line":35,"column":0}},"35":{"start":{"line":36,"column":0},"end":{"line":36,"column":40}},"36":{"start":{"line":37,"column":0},"end":{"line":37,"column":23}},"37":{"start":{"line":38,"column":0},"end":{"line":38,"column":3}},"38":{"start":{"line":39,"column":0},"end":{"line":39,"column":0}},"39":{"start":{"line":40,"column":0},"end":{"line":40,"column":41}},"40":{"start":{"line":41,"column":0},"end":{"line":41,"column":7}},"41":{"start":{"line":42,"column":0},"end":{"line":42,"column":51}},"42":{"start":{"line":43,"column":0},"end":{"line":43,"column":65}},"43":{"start":{"line":44,"column":0},"end":{"line":44,"column":69}},"44":{"start":{"line":45,"column":0},"end":{"line":45,"column":30}},"45":{"start":{"line":46,"column":0},"end":{"line":46,"column":17}},"46":{"start":{"line":47,"column":0},"end":{"line":47,"column":49}},"47":{"start":{"line":48,"column":0},"end":{"line":48,"column":3}},"48":{"start":{"line":49,"column":0},"end":{"line":49,"column":3}},"49":{"start":{"line":50,"column":0},"end":{"line":50,"column":0}},"50":{"start":{"line":51,"column":0},"end":{"line":51,"column":71}},"51":{"start":{"line":52,"column":0},"end":{"line":52,"column":48}},"52":{"start":{"line":53,"column":0},"end":{"line":53,"column":27}},"53":{"start":{"line":54,"column":0},"end":{"line":54,"column":3}},"54":{"start":{"line":55,"column":0},"end":{"line":55,"column":0}},"55":{"start":{"line":56,"column":0},"end":{"line":56,"column":75}},"56":{"start":{"line":57,"column":0},"end":{"line":57,"column":27}},"57":{"start":{"line":58,"column":0},"end":{"line":58,"column":50}},"58":{"start":{"line":59,"column":0},"end":{"line":59,"column":23}},"59":{"start":{"line":60,"column":0},"end":{"line":60,"column":24}},"60":{"start":{"line":61,"column":0},"end":{"line":61,"column":10}},"61":{"start":{"line":62,"column":0},"end":{"line":62,"column":28}},"62":{"start":{"line":63,"column":0},"end":{"line":63,"column":3}},"63":{"start":{"line":64,"column":0},"end":{"line":64,"column":3}},"64":{"start":{"line":65,"column":0},"end":{"line":65,"column":0}},"65":{"start":{"line":66,"column":0},"end":{"line":66,"column":72}},"66":{"start":{"line":67,"column":0},"end":{"line":67,"column":31}},"67":{"start":{"line":68,"column":0},"end":{"line":68,"column":24}},"68":{"start":{"line":69,"column":0},"end":{"line":69,"column":17}},"69":{"start":{"line":70,"column":0},"end":{"line":70,"column":24}},"70":{"start":{"line":71,"column":0},"end":{"line":71,"column":10}},"71":{"start":{"line":72,"column":0},"end":{"line":72,"column":65}},"72":{"start":{"line":73,"column":0},"end":{"line":73,"column":40}},"73":{"start":{"line":74,"column":0},"end":{"line":74,"column":3}},"74":{"start":{"line":75,"column":0},"end":{"line":75,"column":3}},"75":{"start":{"line":76,"column":0},"end":{"line":76,"column":0}},"76":{"start":{"line":77,"column":0},"end":{"line":77,"column":75}},"77":{"start":{"line":78,"column":0},"end":{"line":78,"column":27}},"78":{"start":{"line":79,"column":0},"end":{"line":79,"column":31}},"79":{"start":{"line":80,"column":0},"end":{"line":80,"column":0}},"80":{"start":{"line":81,"column":0},"end":{"line":81,"column":17}},"81":{"start":{"line":82,"column":0},"end":{"line":82,"column":24}},"82":{"start":{"line":83,"column":0},"end":{"line":83,"column":10}},"83":{"start":{"line":84,"column":0},"end":{"line":84,"column":52}},"84":{"start":{"line":85,"column":0},"end":{"line":85,"column":0}},"85":{"start":{"line":86,"column":0},"end":{"line":86,"column":25}},"86":{"start":{"line":87,"column":0},"end":{"line":87,"column":26}},"87":{"start":{"line":88,"column":0},"end":{"line":88,"column":13}},"88":{"start":{"line":89,"column":0},"end":{"line":89,"column":5}},"89":{"start":{"line":90,"column":0},"end":{"line":90,"column":0}},"90":{"start":{"line":91,"column":0},"end":{"line":91,"column":50}},"91":{"start":{"line":92,"column":0},"end":{"line":92,"column":26}},"92":{"start":{"line":93,"column":0},"end":{"line":93,"column":13}},"93":{"start":{"line":94,"column":0},"end":{"line":94,"column":5}},"94":{"start":{"line":95,"column":0},"end":{"line":95,"column":0}},"95":{"start":{"line":96,"column":0},"end":{"line":96,"column":42}},"96":{"start":{"line":97,"column":0},"end":{"line":97,"column":24}},"97":{"start":{"line":98,"column":0},"end":{"line":98,"column":3}},"98":{"start":{"line":99,"column":0},"end":{"line":99,"column":3}},"99":{"start":{"line":100,"column":0},"end":{"line":100,"column":0}},"100":{"start":{"line":101,"column":0},"end":{"line":101,"column":78}},"101":{"start":{"line":102,"column":0},"end":{"line":102,"column":27}},"102":{"start":{"line":103,"column":0},"end":{"line":103,"column":24}},"103":{"start":{"line":104,"column":0},"end":{"line":104,"column":50}},"104":{"start":{"line":105,"column":0},"end":{"line":105,"column":23}},"105":{"start":{"line":106,"column":0},"end":{"line":106,"column":24}},"106":{"start":{"line":107,"column":0},"end":{"line":107,"column":11}},"107":{"start":{"line":108,"column":0},"end":{"line":108,"column":3}},"108":{"start":{"line":109,"column":0},"end":{"line":109,"column":44}},"109":{"start":{"line":110,"column":0},"end":{"line":110,"column":24}},"110":{"start":{"line":111,"column":0},"end":{"line":111,"column":11}},"111":{"start":{"line":112,"column":0},"end":{"line":112,"column":3}},"112":{"start":{"line":113,"column":0},"end":{"line":113,"column":31}},"113":{"start":{"line":114,"column":0},"end":{"line":114,"column":22}},"114":{"start":{"line":115,"column":0},"end":{"line":115,"column":3}},"115":{"start":{"line":116,"column":0},"end":{"line":116,"column":0}},"116":{"start":{"line":117,"column":0},"end":{"line":117,"column":15}}},"s":{"0":1,"1":7,"2":1,"3":1,"4":1,"5":1,"6":1,"7":1,"8":1,"9":1,"10":1,"11":1,"12":1,"13":1,"14":1,"15":1,"16":1,"17":0,"18":1,"19":1,"20":1,"21":1,"22":1,"23":1,"24":1,"25":5,"26":5,"27":5,"28":1,"29":1,"30":4,"31":4,"32":1,"33":1,"34":1,"35":1,"36":1,"37":1,"38":1,"39":1,"40":4,"41":4,"42":4,"43":1,"44":1,"45":3,"46":3,"47":1,"48":1,"49":1,"50":1,"51":2,"52":2,"53":1,"54":1,"55":1,"56":2,"57":2,"58":2,"59":1,"60":1,"61":1,"62":1,"63":1,"64":1,"65":1,"66":3,"67":3,"68":3,"69":2,"70":1,"71":1,"72":1,"73":1,"74":1,"75":1,"76":1,"77":5,"78":5,"79":5,"80":5,"81":2,"82":3,"83":3,"84":3,"85":3,"86":1,"87":2,"88":2,"89":2,"90":2,"91":1,"92":1,"93":1,"94":1,"95":1,"96":1,"97":1,"98":1,"99":1,"100":1,"101":3,"102":3,"103":3,"104":3,"105":1,"106":2,"107":2,"108":2,"109":1,"110":1,"111":1,"112":1,"113":1,"114":1,"115":1,"116":1},"branchMap":{"0":{"type":"branch","line":2,"loc":{"start":{"line":2,"column":0},"end":{"line":2,"column":37}},"locations":[{"start":{"line":2,"column":0},"end":{"line":2,"column":37}}]},"1":{"type":"branch","line":2,"loc":{"start":{"line":2,"column":0},"end":{"line":2,"column":37}},"locations":[{"start":{"line":2,"column":0},"end":{"line":2,"column":37}}]},"2":{"type":"branch","line":2,"loc":{"start":{"line":2,"column":0},"end":{"line":2,"column":37}},"locations":[{"start":{"line":2,"column":0},"end":{"line":2,"column":37}}]},"3":{"type":"branch","line":2,"loc":{"start":{"line":2,"column":0},"end":{"line":2,"column":37}},"locations":[{"start":{"line":2,"column":0},"end":{"line":2,"column":37}}]},"4":{"type":"branch","line":2,"loc":{"start":{"line":2,"column":0},"end":{"line":2,"column":37}},"locations":[{"start":{"line":2,"column":0},"end":{"line":2,"column":37}}]},"5":{"type":"branch","line":2,"loc":{"start":{"line":2,"column":0},"end":{"line":2,"column":37}},"locations":[{"start":{"line":2,"column":0},"end":{"line":2,"column":37}}]},"6":{"type":"branch","line":2,"loc":{"start":{"line":2,"column":0},"end":{"line":2,"column":37}},"locations":[{"start":{"line":2,"column":0},"end":{"line":2,"column":37}}]},"7":{"type":"branch","line":2,"loc":{"start":{"line":2,"column":0},"end":{"line":2,"column":37}},"locations":[{"start":{"line":2,"column":0},"end":{"line":2,"column":37}}]},"8":{"type":"branch","line":2,"loc":{"start":{"line":2,"column":0},"end":{"line":2,"column":37}},"locations":[{"start":{"line":2,"column":0},"end":{"line":2,"column":37}}]},"9":{"type":"branch","line":2,"loc":{"start":{"line":2,"column":0},"end":{"line":2,"column":37}},"locations":[{"start":{"line":2,"column":0},"end":{"line":2,"column":37}}]},"10":{"type":"branch","line":2,"loc":{"start":{"line":2,"column":0},"end":{"line":2,"column":37}},"locations":[{"start":{"line":2,"column":0},"end":{"line":2,"column":37}}]},"11":{"type":"branch","line":2,"loc":{"start":{"line":2,"column":0},"end":{"line":2,"column":37}},"locations":[{"start":{"line":2,"column":0},"end":{"line":2,"column":37}}]},"12":{"type":"branch","line":2,"loc":{"start":{"line":2,"column":0},"end":{"line":2,"column":37}},"locations":[{"start":{"line":2,"column":0},"end":{"line":2,"column":37}}]},"13":{"type":"branch","line":2,"loc":{"start":{"line":2,"column":0},"end":{"line":2,"column":37}},"locations":[{"start":{"line":2,"column":0},"end":{"line":2,"column":37}}]},"14":{"type":"branch","line":2,"loc":{"start":{"line":2,"column":0},"end":{"line":2,"column":37}},"locations":[{"start":{"line":2,"column":0},"end":{"line":2,"column":37}}]},"15":{"type":"branch","line":2,"loc":{"start":{"line":2,"column":0},"end":{"line":2,"column":37}},"locations":[{"start":{"line":2,"column":0},"end":{"line":2,"column":37}}]},"16":{"type":"branch","line":2,"loc":{"start":{"line":2,"column":0},"end":{"line":2,"column":37}},"locations":[{"start":{"line":2,"column":0},"end":{"line":2,"column":37}}]},"17":{"type":"branch","line":12,"loc":{"start":{"line":12,"column":16},"end":{"line":15,"column":2}},"locations":[{"start":{"line":12,"column":16},"end":{"line":15,"column":2}}]},"18":{"type":"branch","line":12,"loc":{"start":{"line":12,"column":18},"end":{"line":14,"column":36}},"locations":[{"start":{"line":12,"column":18},"end":{"line":14,"column":36}}]},"19":{"type":"branch","line":12,"loc":{"start":{"line":12,"column":33},"end":{"line":14,"column":36}},"locations":[{"start":{"line":12,"column":33},"end":{"line":14,"column":36}}]},"20":{"type":"branch","line":12,"loc":{"start":{"line":12,"column":33},"end":{"line":13,"column":42}},"locations":[{"start":{"line":12,"column":33},"end":{"line":13,"column":42}}]},"21":{"type":"branch","line":13,"loc":{"start":{"line":13,"column":41},"end":{"line":14,"column":36}},"locations":[{"start":{"line":13,"column":41},"end":{"line":14,"column":36}}]},"22":{"type":"branch","line":15,"loc":{"start":{"line":15,"column":1},"end":{"line":15,"column":2}},"locations":[{"start":{"line":15,"column":1},"end":{"line":15,"column":2}}]},"23":{"type":"branch","line":21,"loc":{"start":{"line":21,"column":16},"end":{"line":23,"column":2}},"locations":[{"start":{"line":21,"column":16},"end":{"line":23,"column":2}}]},"24":{"type":"branch","line":21,"loc":{"start":{"line":21,"column":18},"end":{"line":22,"column":22}},"locations":[{"start":{"line":21,"column":18},"end":{"line":22,"column":22}}]},"25":{"type":"branch","line":21,"loc":{"start":{"line":21,"column":33},"end":{"line":22,"column":22}},"locations":[{"start":{"line":21,"column":33},"end":{"line":22,"column":22}}]},"26":{"type":"branch","line":23,"loc":{"start":{"line":23,"column":1},"end":{"line":23,"column":2}},"locations":[{"start":{"line":23,"column":1},"end":{"line":23,"column":2}}]},"27":{"type":"branch","line":25,"loc":{"start":{"line":25,"column":17},"end":{"line":34,"column":2}},"locations":[{"start":{"line":25,"column":17},"end":{"line":34,"column":2}}]},"28":{"type":"branch","line":25,"loc":{"start":{"line":25,"column":19},"end":{"line":32,"column":49}},"locations":[{"start":{"line":25,"column":19},"end":{"line":32,"column":49}}]},"29":{"type":"branch","line":25,"loc":{"start":{"line":25,"column":34},"end":{"line":32,"column":49}},"locations":[{"start":{"line":25,"column":34},"end":{"line":32,"column":49}}]},"30":{"type":"branch","line":25,"loc":{"start":{"line":25,"column":34},"end":{"line":32,"column":49}},"locations":[{"start":{"line":25,"column":34},"end":{"line":32,"column":49}}]},"31":{"type":"branch","line":25,"loc":{"start":{"line":25,"column":34},"end":{"line":28,"column":74}},"locations":[{"start":{"line":25,"column":34},"end":{"line":28,"column":74}}]},"32":{"type":"branch","line":28,"loc":{"start":{"line":28,"column":73},"end":{"line":30,"column":30}},"locations":[{"start":{"line":28,"column":73},"end":{"line":30,"column":30}}]},"33":{"type":"branch","line":31,"loc":{"start":{"line":31,"column":-2},"end":{"line":32,"column":49}},"locations":[{"start":{"line":31,"column":-2},"end":{"line":32,"column":49}}]},"34":{"type":"branch","line":34,"loc":{"start":{"line":34,"column":1},"end":{"line":34,"column":2}},"locations":[{"start":{"line":34,"column":1},"end":{"line":34,"column":2}}]},"35":{"type":"branch","line":36,"loc":{"start":{"line":36,"column":17},"end":{"line":38,"column":2}},"locations":[{"start":{"line":36,"column":17},"end":{"line":38,"column":2}}]},"36":{"type":"branch","line":36,"loc":{"start":{"line":36,"column":19},"end":{"line":37,"column":23}},"locations":[{"start":{"line":36,"column":19},"end":{"line":37,"column":23}}]},"37":{"type":"branch","line":36,"loc":{"start":{"line":36,"column":34},"end":{"line":37,"column":23}},"locations":[{"start":{"line":36,"column":34},"end":{"line":37,"column":23}}]},"38":{"type":"branch","line":38,"loc":{"start":{"line":38,"column":1},"end":{"line":38,"column":2}},"locations":[{"start":{"line":38,"column":1},"end":{"line":38,"column":2}}]},"39":{"type":"branch","line":40,"loc":{"start":{"line":40,"column":18},"end":{"line":49,"column":2}},"locations":[{"start":{"line":40,"column":18},"end":{"line":49,"column":2}}]},"40":{"type":"branch","line":40,"loc":{"start":{"line":40,"column":20},"end":{"line":47,"column":49}},"locations":[{"start":{"line":40,"column":20},"end":{"line":47,"column":49}}]},"41":{"type":"branch","line":40,"loc":{"start":{"line":40,"column":35},"end":{"line":47,"column":49}},"locations":[{"start":{"line":40,"column":35},"end":{"line":47,"column":49}}]},"42":{"type":"branch","line":40,"loc":{"start":{"line":40,"column":35},"end":{"line":47,"column":49}},"locations":[{"start":{"line":40,"column":35},"end":{"line":47,"column":49}}]},"43":{"type":"branch","line":40,"loc":{"start":{"line":40,"column":35},"end":{"line":43,"column":65}},"locations":[{"start":{"line":40,"column":35},"end":{"line":43,"column":65}}]},"44":{"type":"branch","line":43,"loc":{"start":{"line":43,"column":64},"end":{"line":45,"column":30}},"locations":[{"start":{"line":43,"column":64},"end":{"line":45,"column":30}}]},"45":{"type":"branch","line":46,"loc":{"start":{"line":46,"column":-2},"end":{"line":47,"column":49}},"locations":[{"start":{"line":46,"column":-2},"end":{"line":47,"column":49}}]},"46":{"type":"branch","line":49,"loc":{"start":{"line":49,"column":1},"end":{"line":49,"column":2}},"locations":[{"start":{"line":49,"column":1},"end":{"line":49,"column":2}}]},"47":{"type":"branch","line":51,"loc":{"start":{"line":51,"column":48},"end":{"line":54,"column":2}},"locations":[{"start":{"line":51,"column":48},"end":{"line":54,"column":2}}]},"48":{"type":"branch","line":51,"loc":{"start":{"line":51,"column":50},"end":{"line":53,"column":27}},"locations":[{"start":{"line":51,"column":50},"end":{"line":53,"column":27}}]},"49":{"type":"branch","line":51,"loc":{"start":{"line":51,"column":65},"end":{"line":53,"column":27}},"locations":[{"start":{"line":51,"column":65},"end":{"line":53,"column":27}}]},"50":{"type":"branch","line":51,"loc":{"start":{"line":51,"column":65},"end":{"line":52,"column":48}},"locations":[{"start":{"line":51,"column":65},"end":{"line":52,"column":48}}]},"51":{"type":"branch","line":52,"loc":{"start":{"line":52,"column":47},"end":{"line":53,"column":27}},"locations":[{"start":{"line":52,"column":47},"end":{"line":53,"column":27}}]},"52":{"type":"branch","line":54,"loc":{"start":{"line":54,"column":1},"end":{"line":54,"column":2}},"locations":[{"start":{"line":54,"column":1},"end":{"line":54,"column":2}}]},"53":{"type":"branch","line":56,"loc":{"start":{"line":56,"column":52},"end":{"line":64,"column":2}},"locations":[{"start":{"line":56,"column":52},"end":{"line":64,"column":2}}]},"54":{"type":"branch","line":56,"loc":{"start":{"line":56,"column":54},"end":{"line":63,"column":3}},"locations":[{"start":{"line":56,"column":54},"end":{"line":63,"column":3}}]},"55":{"type":"branch","line":56,"loc":{"start":{"line":56,"column":69},"end":{"line":63,"column":3}},"locations":[{"start":{"line":56,"column":69},"end":{"line":63,"column":3}}]},"56":{"type":"branch","line":56,"loc":{"start":{"line":56,"column":69},"end":{"line":58,"column":50}},"locations":[{"start":{"line":56,"column":69},"end":{"line":58,"column":50}}]},"57":{"type":"branch","line":58,"loc":{"start":{"line":58,"column":49},"end":{"line":63,"column":3}},"locations":[{"start":{"line":58,"column":49},"end":{"line":63,"column":3}}]},"58":{"type":"branch","line":59,"loc":{"start":{"line":59,"column":22},"end":{"line":63,"column":3}},"locations":[{"start":{"line":59,"column":22},"end":{"line":63,"column":3}}]},"59":{"type":"branch","line":64,"loc":{"start":{"line":64,"column":1},"end":{"line":64,"column":2}},"locations":[{"start":{"line":64,"column":1},"end":{"line":64,"column":2}}]},"60":{"type":"branch","line":66,"loc":{"start":{"line":66,"column":49},"end":{"line":75,"column":2}},"locations":[{"start":{"line":66,"column":49},"end":{"line":75,"column":2}}]},"61":{"type":"branch","line":66,"loc":{"start":{"line":66,"column":51},"end":{"line":73,"column":40}},"locations":[{"start":{"line":66,"column":51},"end":{"line":73,"column":40}}]},"62":{"type":"branch","line":66,"loc":{"start":{"line":66,"column":66},"end":{"line":73,"column":40}},"locations":[{"start":{"line":66,"column":66},"end":{"line":73,"column":40}}]},"63":{"type":"branch","line":66,"loc":{"start":{"line":66,"column":66},"end":{"line":73,"column":40}},"locations":[{"start":{"line":66,"column":66},"end":{"line":73,"column":40}}]},"64":{"type":"branch","line":66,"loc":{"start":{"line":66,"column":66},"end":{"line":70,"column":24}},"locations":[{"start":{"line":66,"column":66},"end":{"line":70,"column":24}}]},"65":{"type":"branch","line":69,"loc":{"start":{"line":69,"column":14},"end":{"line":69,"column":17}},"locations":[{"start":{"line":69,"column":14},"end":{"line":69,"column":17}}]},"66":{"type":"branch","line":69,"loc":{"start":{"line":69,"column":14},"end":{"line":70,"column":24}},"locations":[{"start":{"line":69,"column":14},"end":{"line":70,"column":24}}]},"67":{"type":"branch","line":71,"loc":{"start":{"line":71,"column":-2},"end":{"line":72,"column":65}},"locations":[{"start":{"line":71,"column":-2},"end":{"line":72,"column":65}}]},"68":{"type":"branch","line":72,"loc":{"start":{"line":72,"column":64},"end":{"line":73,"column":40}},"locations":[{"start":{"line":72,"column":64},"end":{"line":73,"column":40}}]},"69":{"type":"branch","line":75,"loc":{"start":{"line":75,"column":1},"end":{"line":75,"column":2}},"locations":[{"start":{"line":75,"column":1},"end":{"line":75,"column":2}}]},"70":{"type":"branch","line":77,"loc":{"start":{"line":77,"column":52},"end":{"line":99,"column":2}},"locations":[{"start":{"line":77,"column":52},"end":{"line":99,"column":2}}]},"71":{"type":"branch","line":77,"loc":{"start":{"line":77,"column":54},"end":{"line":97,"column":24}},"locations":[{"start":{"line":77,"column":54},"end":{"line":97,"column":24}}]},"72":{"type":"branch","line":77,"loc":{"start":{"line":77,"column":69},"end":{"line":97,"column":24}},"locations":[{"start":{"line":77,"column":69},"end":{"line":97,"column":24}}]},"73":{"type":"branch","line":77,"loc":{"start":{"line":77,"column":69},"end":{"line":97,"column":24}},"locations":[{"start":{"line":77,"column":69},"end":{"line":97,"column":24}}]},"74":{"type":"branch","line":77,"loc":{"start":{"line":77,"column":69},"end":{"line":82,"column":24}},"locations":[{"start":{"line":77,"column":69},"end":{"line":82,"column":24}}]},"75":{"type":"branch","line":81,"loc":{"start":{"line":81,"column":14},"end":{"line":81,"column":17}},"locations":[{"start":{"line":81,"column":14},"end":{"line":81,"column":17}}]},"76":{"type":"branch","line":81,"loc":{"start":{"line":81,"column":14},"end":{"line":82,"column":24}},"locations":[{"start":{"line":81,"column":14},"end":{"line":82,"column":24}}]},"77":{"type":"branch","line":83,"loc":{"start":{"line":83,"column":-2},"end":{"line":84,"column":52}},"locations":[{"start":{"line":83,"column":-2},"end":{"line":84,"column":52}}]},"78":{"type":"branch","line":84,"loc":{"start":{"line":84,"column":51},"end":{"line":87,"column":26}},"locations":[{"start":{"line":84,"column":51},"end":{"line":87,"column":26}}]},"79":{"type":"branch","line":86,"loc":{"start":{"line":86,"column":22},"end":{"line":86,"column":25}},"locations":[{"start":{"line":86,"column":22},"end":{"line":86,"column":25}}]},"80":{"type":"branch","line":86,"loc":{"start":{"line":86,"column":22},"end":{"line":87,"column":26}},"locations":[{"start":{"line":86,"column":22},"end":{"line":87,"column":26}}]},"81":{"type":"branch","line":88,"loc":{"start":{"line":88,"column":-2},"end":{"line":92,"column":26}},"locations":[{"start":{"line":88,"column":-2},"end":{"line":92,"column":26}}]},"82":{"type":"branch","line":91,"loc":{"start":{"line":91,"column":47},"end":{"line":92,"column":26}},"locations":[{"start":{"line":91,"column":47},"end":{"line":92,"column":26}}]},"83":{"type":"branch","line":93,"loc":{"start":{"line":93,"column":-2},"end":{"line":96,"column":42}},"locations":[{"start":{"line":93,"column":-2},"end":{"line":96,"column":42}}]},"84":{"type":"branch","line":96,"loc":{"start":{"line":96,"column":41},"end":{"line":97,"column":24}},"locations":[{"start":{"line":96,"column":41},"end":{"line":97,"column":24}}]},"85":{"type":"branch","line":99,"loc":{"start":{"line":99,"column":1},"end":{"line":99,"column":2}},"locations":[{"start":{"line":99,"column":1},"end":{"line":99,"column":2}}]},"86":{"type":"branch","line":101,"loc":{"start":{"line":101,"column":55},"end":{"line":115,"column":2}},"locations":[{"start":{"line":101,"column":55},"end":{"line":115,"column":2}}]},"87":{"type":"branch","line":101,"loc":{"start":{"line":101,"column":57},"end":{"line":114,"column":22}},"locations":[{"start":{"line":101,"column":57},"end":{"line":114,"column":22}}]},"88":{"type":"branch","line":101,"loc":{"start":{"line":101,"column":72},"end":{"line":114,"column":22}},"locations":[{"start":{"line":101,"column":72},"end":{"line":114,"column":22}}]},"89":{"type":"branch","line":101,"loc":{"start":{"line":101,"column":72},"end":{"line":114,"column":22}},"locations":[{"start":{"line":101,"column":72},"end":{"line":114,"column":22}}]},"90":{"type":"branch","line":101,"loc":{"start":{"line":101,"column":72},"end":{"line":104,"column":50}},"locations":[{"start":{"line":101,"column":72},"end":{"line":104,"column":50}}]},"91":{"type":"branch","line":104,"loc":{"start":{"line":104,"column":49},"end":{"line":106,"column":24}},"locations":[{"start":{"line":104,"column":49},"end":{"line":106,"column":24}}]},"92":{"type":"branch","line":105,"loc":{"start":{"line":105,"column":20},"end":{"line":105,"column":23}},"locations":[{"start":{"line":105,"column":20},"end":{"line":105,"column":23}}]},"93":{"type":"branch","line":105,"loc":{"start":{"line":105,"column":20},"end":{"line":106,"column":24}},"locations":[{"start":{"line":105,"column":20},"end":{"line":106,"column":24}}]},"94":{"type":"branch","line":107,"loc":{"start":{"line":107,"column":-2},"end":{"line":110,"column":24}},"locations":[{"start":{"line":107,"column":-2},"end":{"line":110,"column":24}}]},"95":{"type":"branch","line":109,"loc":{"start":{"line":109,"column":41},"end":{"line":110,"column":24}},"locations":[{"start":{"line":109,"column":41},"end":{"line":110,"column":24}}]},"96":{"type":"branch","line":111,"loc":{"start":{"line":111,"column":-2},"end":{"line":113,"column":31}},"locations":[{"start":{"line":111,"column":-2},"end":{"line":113,"column":31}}]},"97":{"type":"branch","line":113,"loc":{"start":{"line":113,"column":30},"end":{"line":114,"column":22}},"locations":[{"start":{"line":113,"column":30},"end":{"line":114,"column":22}}]},"98":{"type":"branch","line":115,"loc":{"start":{"line":115,"column":1},"end":{"line":115,"column":2}},"locations":[{"start":{"line":115,"column":1},"end":{"line":115,"column":2}}]}},"b":{"0":[1],"1":[0],"2":[37],"3":[36],"4":[0],"5":[1],"6":[3],"7":[50],"8":[50],"9":[0],"10":[27],"11":[23],"12":[10],"13":[27],"14":[27],"15":[43],"16":[7],"17":[1],"18":[1],"19":[2],"20":[1],"21":[1],"22":[1],"23":[1],"24":[1],"25":[1],"26":[1],"27":[1],"28":[5],"29":[10],"30":[11],"31":[5],"32":[1],"33":[4],"34":[5],"35":[1],"36":[1],"37":[1],"38":[1],"39":[1],"40":[4],"41":[8],"42":[9],"43":[4],"44":[1],"45":[3],"46":[4],"47":[1],"48":[2],"49":[4],"50":[2],"51":[2],"52":[2],"53":[1],"54":[2],"55":[4],"56":[2],"57":[2],"58":[1],"59":[2],"60":[1],"61":[3],"62":[4],"63":[7],"64":[3],"65":[1],"66":[2],"67":[1],"68":[1],"69":[3],"70":[1],"71":[5],"72":[9],"73":[17],"74":[5],"75":[3],"76":[2],"77":[3],"78":[3],"79":[2],"80":[1],"81":[2],"82":[1],"83":[1],"84":[1],"85":[5],"86":[1],"87":[3],"88":[7],"89":[10],"90":[3],"91":[3],"92":[2],"93":[1],"94":[2],"95":[1],"96":[1],"97":[1],"98":[3]},"fnMap":{"0":{"name":"_regeneratorDefine2","decl":{"start":{"line":2,"column":0},"end":{"line":2,"column":37}},"loc":{"start":{"line":2,"column":0},"end":{"line":2,"column":37}},"line":2},"1":{"name":"_regeneratorDefine","decl":{"start":{"line":2,"column":0},"end":{"line":2,"column":37}},"loc":{"start":{"line":2,"column":0},"end":{"line":2,"column":37}},"line":2},"2":{"name":"o","decl":{"start":{"line":2,"column":0},"end":{"line":2,"column":37}},"loc":{"start":{"line":2,"column":0},"end":{"line":2,"column":37}},"line":2},"3":{"name":"asyncGeneratorStep","decl":{"start":{"line":2,"column":0},"end":{"line":2,"column":37}},"loc":{"start":{"line":2,"column":0},"end":{"line":2,"column":37}},"line":2},"4":{"name":"_asyncToGenerator","decl":{"start":{"line":2,"column":0},"end":{"line":2,"column":37}},"loc":{"start":{"line":2,"column":0},"end":{"line":2,"column":37}},"line":2},"5":{"name":"_next","decl":{"start":{"line":2,"column":0},"end":{"line":2,"column":37}},"loc":{"start":{"line":2,"column":0},"end":{"line":2,"column":37}},"line":2},"6":{"name":"_throw","decl":{"start":{"line":2,"column":0},"end":{"line":2,"column":37}},"loc":{"start":{"line":2,"column":0},"end":{"line":2,"column":37}},"line":2},"7":{"name":"_callee","decl":{"start":{"line":12,"column":18},"end":{"line":14,"column":36}},"loc":{"start":{"line":12,"column":18},"end":{"line":14,"column":36}},"line":12},"8":{"name":"_callee2","decl":{"start":{"line":21,"column":18},"end":{"line":22,"column":22}},"loc":{"start":{"line":21,"column":18},"end":{"line":22,"column":22}},"line":21},"9":{"name":"_callee3","decl":{"start":{"line":25,"column":19},"end":{"line":32,"column":49}},"loc":{"start":{"line":25,"column":19},"end":{"line":32,"column":49}},"line":25},"10":{"name":"_callee4","decl":{"start":{"line":36,"column":19},"end":{"line":37,"column":23}},"loc":{"start":{"line":36,"column":19},"end":{"line":37,"column":23}},"line":36},"11":{"name":"_callee5","decl":{"start":{"line":40,"column":20},"end":{"line":47,"column":49}},"loc":{"start":{"line":40,"column":20},"end":{"line":47,"column":49}},"line":40},"12":{"name":"_callee6","decl":{"start":{"line":51,"column":50},"end":{"line":53,"column":27}},"loc":{"start":{"line":51,"column":50},"end":{"line":53,"column":27}},"line":51},"13":{"name":"_callee7","decl":{"start":{"line":56,"column":54},"end":{"line":63,"column":3}},"loc":{"start":{"line":56,"column":54},"end":{"line":63,"column":3}},"line":56},"14":{"name":"_callee8","decl":{"start":{"line":66,"column":51},"end":{"line":73,"column":40}},"loc":{"start":{"line":66,"column":51},"end":{"line":73,"column":40}},"line":66},"15":{"name":"_callee9","decl":{"start":{"line":77,"column":54},"end":{"line":97,"column":24}},"loc":{"start":{"line":77,"column":54},"end":{"line":97,"column":24}},"line":77},"16":{"name":"_callee0","decl":{"start":{"line":101,"column":57},"end":{"line":114,"column":22}},"loc":{"start":{"line":101,"column":57},"end":{"line":114,"column":22}},"line":101}},"f":{"0":1,"1":37,"2":3,"3":50,"4":10,"5":43,"6":7,"7":1,"8":1,"9":5,"10":1,"11":4,"12":2,"13":2,"14":3,"15":5,"16":3}}
,"C:\\go\\dev\\nodejs\\beginner\\whispering-mongo-db\\utils.js": {"path":"C:\\go\\dev\\nodejs\\beginner\\whispering-mongo-db\\utils.js","all":false,"statementMap":{"0":{"start":{"line":1,"column":0},"end":{"line":1,"column":31}},"1":{"start":{"line":2,"column":0},"end":{"line":2,"column":0}},"2":{"start":{"line":3,"column":0},"end":{"line":3,"column":49}},"3":{"start":{"line":4,"column":0},"end":{"line":4,"column":89}},"4":{"start":{"line":5,"column":0},"end":{"line":5,"column":23}},"5":{"start":{"line":6,"column":0},"end":{"line":6,"column":69}},"6":{"start":{"line":7,"column":0},"end":{"line":7,"column":38}},"7":{"start":{"line":8,"column":0},"end":{"line":8,"column":1}},"8":{"start":{"line":9,"column":0},"end":{"line":9,"column":0}},"9":{"start":{"line":10,"column":0},"end":{"line":10,"column":37}},"10":{"start":{"line":11,"column":0},"end":{"line":11,"column":18}},"11":{"start":{"line":12,"column":0},"end":{"line":12,"column":5}},"12":{"start":{"line":13,"column":0},"end":{"line":13,"column":11}},"13":{"start":{"line":14,"column":0},"end":{"line":14,"column":6}},"14":{"start":{"line":15,"column":0},"end":{"line":15,"column":27}},"15":{"start":{"line":16,"column":0},"end":{"line":16,"column":23}},"16":{"start":{"line":17,"column":0},"end":{"line":17,"column":4}},"17":{"start":{"line":18,"column":0},"end":{"line":18,"column":1}},"18":{"start":{"line":19,"column":0},"end":{"line":19,"column":0}},"19":{"start":{"line":20,"column":0},"end":{"line":20,"column":55}},"20":{"start":{"line":21,"column":0},"end":{"line":21,"column":43}},"21":{"start":{"line":22,"column":0},"end":{"line":22,"column":15}},"22":{"start":{"line":23,"column":0},"end":{"line":23,"column":57}},"23":{"start":{"line":24,"column":0},"end":{"line":24,"column":11}},"24":{"start":{"line":25,"column":0},"end":{"line":25,"column":3}},"25":{"start":{"line":26,"column":0},"end":{"line":26,"column":7}},"26":{"start":{"line":27,"column":0},"end":{"line":27,"column":19}},"27":{"start":{"line":28,"column":0},"end":{"line":28,"column":44}},"28":{"start":{"line":29,"column":0},"end":{"line":29,"column":68}},"29":{"start":{"line":30,"column":0},"end":{"line":30,"column":28}},"30":{"start":{"line":31,"column":0},"end":{"line":31,"column":11}},"31":{"start":{"line":32,"column":0},"end":{"line":32,"column":11}},"32":{"start":{"line":33,"column":0},"end":{"line":33,"column":53}},"33":{"start":{"line":34,"column":0},"end":{"line":34,"column":3}},"34":{"start":{"line":35,"column":0},"end":{"line":35,"column":1}}},"s":{"0":1,"1":1,"2":1,"3":65,"4":65,"5":65,"6":65,"7":65,"8":1,"9":1,"10":66,"11":66,"12":66,"13":66,"14":66,"15":66,"16":66,"17":66,"18":1,"19":1,"20":20,"21":20,"22":5,"23":5,"24":5,"25":15,"26":15,"27":15,"28":15,"29":15,"30":15,"31":20,"32":0,"33":0,"34":20},"branchMap":{"0":{"type":"branch","line":3,"loc":{"start":{"line":3,"column":7},"end":{"line":8,"column":1}},"locations":[{"start":{"line":3,"column":7},"end":{"line":8,"column":1}}]},"1":{"type":"branch","line":10,"loc":{"start":{"line":10,"column":7},"end":{"line":18,"column":1}},"locations":[{"start":{"line":10,"column":7},"end":{"line":18,"column":1}}]},"2":{"type":"branch","line":20,"loc":{"start":{"line":20,"column":7},"end":{"line":35,"column":1}},"locations":[{"start":{"line":20,"column":7},"end":{"line":35,"column":1}}]},"3":{"type":"branch","line":22,"loc":{"start":{"line":22,"column":14},"end":{"line":25,"column":3}},"locations":[{"start":{"line":22,"column":14},"end":{"line":25,"column":3}}]},"4":{"type":"branch","line":25,"loc":{"start":{"line":25,"column":2},"end":{"line":32,"column":4}},"locations":[{"start":{"line":25,"column":2},"end":{"line":32,"column":4}}]},"5":{"type":"branch","line":32,"loc":{"start":{"line":32,"column":4},"end":{"line":34,"column":3}},"locations":[{"start":{"line":32,"column":4},"end":{"line":34,"column":3}}]}},"b":{"0":[65],"1":[66],"2":[20],"3":[5],"4":[15],"5":[0]},"fnMap":{"0":{"name":"checkPasswordStrength","decl":{"start":{"line":3,"column":7},"end":{"line":8,"column":1}},"loc":{"start":{"line":3,"column":7},"end":{"line":8,"column":1}},"line":3},"1":{"name":"generateToken","decl":{"start":{"line":10,"column":7},"end":{"line":18,"column":1}},"loc":{"start":{"line":10,"column":7},"end":{"line":18,"column":1}},"line":10},"2":{"name":"requireAuthentication","decl":{"start":{"line":20,"column":7},"end":{"line":35,"column":1}},"loc":{"start":{"line":20,"column":7},"end":{"line":35,"column":1}},"line":20}},"f":{"0":65,"1":66,"2":20}}
,"C:\\go\\dev\\nodejs\\beginner\\whispering-mongo-db\\stores\\user.js": {"path":"C:\\go\\dev\\nodejs\\beginner\\whispering-mongo-db\\stores\\user.js","all":false,"statementMap":{"0":{"start":{"line":1,"column":0},"end":{"line":1,"column":38}},"1":{"start":{"line":2,"column":0},"end":{"line":2,"column":0}},"2":{"start":{"line":3,"column":0},"end":{"line":3,"column":53}},"3":{"start":{"line":4,"column":0},"end":{"line":4,"column":55}},"4":{"start":{"line":5,"column":0},"end":{"line":5,"column":20}},"5":{"start":{"line":6,"column":0},"end":{"line":6,"column":14}},"6":{"start":{"line":7,"column":0},"end":{"line":7,"column":2}},"7":{"start":{"line":8,"column":0},"end":{"line":8,"column":0}},"8":{"start":{"line":9,"column":0},"end":{"line":9,"column":60}},"9":{"start":{"line":10,"column":0},"end":{"line":10,"column":48}},"10":{"start":{"line":11,"column":0},"end":{"line":11,"column":14}},"11":{"start":{"line":12,"column":0},"end":{"line":12,"column":38}},"12":{"start":{"line":13,"column":0},"end":{"line":13,"column":3}},"13":{"start":{"line":14,"column":0},"end":{"line":14,"column":55}},"14":{"start":{"line":15,"column":0},"end":{"line":15,"column":17}},"15":{"start":{"line":16,"column":0},"end":{"line":16,"column":45}},"16":{"start":{"line":17,"column":0},"end":{"line":17,"column":3}},"17":{"start":{"line":18,"column":0},"end":{"line":18,"column":14}},"18":{"start":{"line":19,"column":0},"end":{"line":19,"column":2}},"19":{"start":{"line":20,"column":0},"end":{"line":20,"column":0}},"20":{"start":{"line":21,"column":0},"end":{"line":21,"column":40}}},"s":{"0":1,"1":1,"2":1,"3":4,"4":4,"5":1,"6":1,"7":1,"8":1,"9":5,"10":5,"11":2,"12":3,"13":3,"14":2,"15":1,"16":1,"17":1,"18":1,"19":1,"20":1},"branchMap":{"0":{"type":"branch","line":2,"loc":{"start":{"line":2,"column":-1},"end":{"line":2,"column":0}},"locations":[{"start":{"line":2,"column":-1},"end":{"line":2,"column":0}}]},"1":{"type":"branch","line":3,"loc":{"start":{"line":3,"column":12},"end":{"line":3,"column":15}},"locations":[{"start":{"line":3,"column":12},"end":{"line":3,"column":15}}]},"2":{"type":"branch","line":3,"loc":{"start":{"line":3,"column":15},"end":{"line":6,"column":14}},"locations":[{"start":{"line":3,"column":15},"end":{"line":6,"column":14}}]},"3":{"type":"branch","line":3,"loc":{"start":{"line":3,"column":47},"end":{"line":6,"column":14}},"locations":[{"start":{"line":3,"column":47},"end":{"line":6,"column":14}}]},"4":{"type":"branch","line":3,"loc":{"start":{"line":3,"column":47},"end":{"line":5,"column":20}},"locations":[{"start":{"line":3,"column":47},"end":{"line":5,"column":20}}]},"5":{"type":"branch","line":5,"loc":{"start":{"line":5,"column":19},"end":{"line":6,"column":14}},"locations":[{"start":{"line":5,"column":19},"end":{"line":6,"column":14}}]},"6":{"type":"branch","line":9,"loc":{"start":{"line":9,"column":26},"end":{"line":9,"column":29}},"locations":[{"start":{"line":9,"column":26},"end":{"line":9,"column":29}}]},"7":{"type":"branch","line":9,"loc":{"start":{"line":9,"column":29},"end":{"line":18,"column":14}},"locations":[{"start":{"line":9,"column":29},"end":{"line":18,"column":14}}]},"8":{"type":"branch","line":9,"loc":{"start":{"line":9,"column":54},"end":{"line":18,"column":14}},"locations":[{"start":{"line":9,"column":54},"end":{"line":18,"column":14}}]},"9":{"type":"branch","line":9,"loc":{"start":{"line":9,"column":54},"end":{"line":18,"column":14}},"locations":[{"start":{"line":9,"column":54},"end":{"line":18,"column":14}}]},"10":{"type":"branch","line":9,"loc":{"start":{"line":9,"column":54},"end":{"line":10,"column":48}},"locations":[{"start":{"line":9,"column":54},"end":{"line":10,"column":48}}]},"11":{"type":"branch","line":10,"loc":{"start":{"line":10,"column":47},"end":{"line":12,"column":38}},"locations":[{"start":{"line":10,"column":47},"end":{"line":12,"column":38}}]},"12":{"type":"branch","line":11,"loc":{"start":{"line":11,"column":11},"end":{"line":11,"column":14}},"locations":[{"start":{"line":11,"column":11},"end":{"line":11,"column":14}}]},"13":{"type":"branch","line":11,"loc":{"start":{"line":11,"column":11},"end":{"line":12,"column":38}},"locations":[{"start":{"line":11,"column":11},"end":{"line":12,"column":38}}]},"14":{"type":"branch","line":12,"loc":{"start":{"line":12,"column":37},"end":{"line":14,"column":55}},"locations":[{"start":{"line":12,"column":37},"end":{"line":14,"column":55}}]},"15":{"type":"branch","line":14,"loc":{"start":{"line":14,"column":54},"end":{"line":16,"column":45}},"locations":[{"start":{"line":14,"column":54},"end":{"line":16,"column":45}}]},"16":{"type":"branch","line":15,"loc":{"start":{"line":15,"column":14},"end":{"line":16,"column":45}},"locations":[{"start":{"line":15,"column":14},"end":{"line":16,"column":45}}]},"17":{"type":"branch","line":16,"loc":{"start":{"line":16,"column":44},"end":{"line":18,"column":14}},"locations":[{"start":{"line":16,"column":44},"end":{"line":18,"column":14}}]}},"b":{"0":[1],"1":[1],"2":[4],"3":[5],"4":[4],"5":[1],"6":[1],"7":[5],"8":[12],"9":[16],"10":[5],"11":[5],"12":[3],"13":[2],"14":[3],"15":[2],"16":[1],"17":[1]},"fnMap":{"0":{"name":"_regenerator","decl":{"start":{"line":2,"column":-1},"end":{"line":2,"column":0}},"loc":{"start":{"line":2,"column":-1},"end":{"line":2,"column":0}},"line":2},"1":{"name":"_callee","decl":{"start":{"line":3,"column":15},"end":{"line":6,"column":14}},"loc":{"start":{"line":3,"column":15},"end":{"line":6,"column":14}},"line":3},"2":{"name":"_callee2","decl":{"start":{"line":9,"column":29},"end":{"line":18,"column":14}},"loc":{"start":{"line":9,"column":29},"end":{"line":18,"column":14}},"line":9}},"f":{"0":1,"1":4,"2":5}}
,"C:\\go\\dev\\nodejs\\beginner\\whispering-mongo-db\\stores\\whisper.js": {"path":"C:\\go\\dev\\nodejs\\beginner\\whispering-mongo-db\\stores\\whisper.js","all":false,"statementMap":{"0":{"start":{"line":1,"column":0},"end":{"line":1,"column":41}},"1":{"start":{"line":2,"column":0},"end":{"line":2,"column":0}},"2":{"start":{"line":3,"column":0},"end":{"line":3,"column":67}},"3":{"start":{"line":4,"column":0},"end":{"line":4,"column":0}},"4":{"start":{"line":5,"column":0},"end":{"line":5,"column":23}},"5":{"start":{"line":6,"column":0},"end":{"line":6,"column":63}},"6":{"start":{"line":7,"column":0},"end":{"line":7,"column":0}},"7":{"start":{"line":8,"column":0},"end":{"line":8,"column":45}},"8":{"start":{"line":9,"column":0},"end":{"line":9,"column":67}},"9":{"start":{"line":10,"column":0},"end":{"line":10,"column":28}},"10":{"start":{"line":11,"column":0},"end":{"line":11,"column":20}},"11":{"start":{"line":12,"column":0},"end":{"line":12,"column":2}},"12":{"start":{"line":13,"column":0},"end":{"line":13,"column":0}},"13":{"start":{"line":14,"column":0},"end":{"line":14,"column":41}},"14":{"start":{"line":15,"column":0},"end":{"line":15,"column":69}},"15":{"start":{"line":16,"column":0},"end":{"line":16,"column":0}},"16":{"start":{"line":17,"column":0},"end":{"line":17,"column":64}},"17":{"start":{"line":18,"column":0},"end":{"line":18,"column":0}},"18":{"start":{"line":19,"column":0},"end":{"line":19,"column":59}}},"s":{"0":1,"1":1,"2":1,"3":1,"4":1,"5":11,"6":1,"7":1,"8":1,"9":2,"10":1,"11":1,"12":1,"13":1,"14":1,"15":1,"16":1,"17":1,"18":1},"branchMap":{"0":{"type":"branch","line":2,"loc":{"start":{"line":2,"column":-1},"end":{"line":2,"column":0}},"locations":[{"start":{"line":2,"column":-1},"end":{"line":2,"column":0}}]},"1":{"type":"branch","line":3,"loc":{"start":{"line":3,"column":15},"end":{"line":3,"column":67}},"locations":[{"start":{"line":3,"column":15},"end":{"line":3,"column":67}}]},"2":{"type":"branch","line":5,"loc":{"start":{"line":5,"column":16},"end":{"line":6,"column":63}},"locations":[{"start":{"line":5,"column":16},"end":{"line":6,"column":63}}]},"3":{"type":"branch","line":8,"loc":{"start":{"line":8,"column":12},"end":{"line":8,"column":15}},"locations":[{"start":{"line":8,"column":12},"end":{"line":8,"column":15}}]},"4":{"type":"branch","line":8,"loc":{"start":{"line":8,"column":15},"end":{"line":11,"column":20}},"locations":[{"start":{"line":8,"column":15},"end":{"line":11,"column":20}}]},"5":{"type":"branch","line":8,"loc":{"start":{"line":8,"column":39},"end":{"line":11,"column":20}},"locations":[{"start":{"line":8,"column":39},"end":{"line":11,"column":20}}]},"6":{"type":"branch","line":8,"loc":{"start":{"line":8,"column":39},"end":{"line":10,"column":21}},"locations":[{"start":{"line":8,"column":39},"end":{"line":10,"column":21}}]},"7":{"type":"branch","line":10,"loc":{"start":{"line":10,"column":19},"end":{"line":11,"column":20}},"locations":[{"start":{"line":10,"column":19},"end":{"line":11,"column":20}}]},"8":{"type":"branch","line":14,"loc":{"start":{"line":14,"column":16},"end":{"line":14,"column":19}},"locations":[{"start":{"line":14,"column":16},"end":{"line":14,"column":19}}]},"9":{"type":"branch","line":14,"loc":{"start":{"line":14,"column":19},"end":{"line":15,"column":69}},"locations":[{"start":{"line":14,"column":19},"end":{"line":15,"column":69}}]},"10":{"type":"branch","line":14,"loc":{"start":{"line":14,"column":37},"end":{"line":15,"column":69}},"locations":[{"start":{"line":14,"column":37},"end":{"line":15,"column":69}}]},"11":{"type":"branch","line":17,"loc":{"start":{"line":17,"column":16},"end":{"line":17,"column":19}},"locations":[{"start":{"line":17,"column":16},"end":{"line":17,"column":19}}]},"12":{"type":"branch","line":17,"loc":{"start":{"line":17,"column":19},"end":{"line":17,"column":64}},"locations":[{"start":{"line":17,"column":19},"end":{"line":17,"column":64}}]},"13":{"type":"branch","line":17,"loc":{"start":{"line":17,"column":28},"end":{"line":17,"column":64}},"locations":[{"start":{"line":17,"column":28},"end":{"line":17,"column":64}}]},"14":{"type":"branch","line":17,"loc":{"start":{"line":17,"column":63},"end":{"line":17,"column":19}},"locations":[{"start":{"line":17,"column":63},"end":{"line":17,"column":19}}]}},"b":{"0":[1],"1":[3],"2":[11],"3":[1],"4":[1],"5":[2],"6":[1],"7":[1],"8":[1],"9":[1],"10":[1],"11":[1],"12":[1],"13":[1],"14":[1]},"fnMap":{"0":{"name":"_regenerator","decl":{"start":{"line":2,"column":-1},"end":{"line":2,"column":0}},"loc":{"start":{"line":2,"column":-1},"end":{"line":2,"column":0}},"line":2},"1":{"name":"getAll","decl":{"start":{"line":3,"column":15},"end":{"line":3,"column":67}},"loc":{"start":{"line":3,"column":15},"end":{"line":3,"column":67}},"line":3},"2":{"name":"getById","decl":{"start":{"line":5,"column":16},"end":{"line":6,"column":63}},"loc":{"start":{"line":5,"column":16},"end":{"line":6,"column":63}},"line":5},"3":{"name":"_callee","decl":{"start":{"line":8,"column":15},"end":{"line":11,"column":20}},"loc":{"start":{"line":8,"column":15},"end":{"line":11,"column":20}},"line":8},"4":{"name":"_callee2","decl":{"start":{"line":14,"column":19},"end":{"line":15,"column":69}},"loc":{"start":{"line":14,"column":19},"end":{"line":15,"column":69}},"line":14},"5":{"name":"_callee3","decl":{"start":{"line":17,"column":19},"end":{"line":17,"column":64}},"loc":{"start":{"line":17,"column":19},"end":{"line":17,"column":64}},"line":17},"6":{"name":"deleteById","decl":{"start":{"line":17,"column":63},"end":{"line":17,"column":19}},"loc":{"start":{"line":17,"column":63},"end":{"line":17,"column":19}},"line":17}},"f":{"0":1,"1":3,"2":11,"3":1,"4":1,"5":1,"6":1}}
}
