TN:
SF:database.js
FN:2,_regeneratorDefine2
FN:2,_regeneratorDefine
FN:2,o
FN:2,asyncGeneratorStep
FN:2,_asyncToGenerator
FN:2,_next
FN:2,_throw
FN:8,transform
FN:65,_callee
FN:74,_callee2
FNF:10
FNH:10
FNDA:1,_regeneratorDefine2
FNDA:78,_regeneratorDefine
FNDA:3,o
FNDA:201,asyncGeneratorStep
FNDA:2,_asyncToGenerator
FNDA:200,_next
FNDA:1,_throw
FNDA:139,transform
FNDA:65,_callee
FNDA:3,_callee2
DA:1,1
DA:2,1
DA:3,1
DA:4,1
DA:5,1
DA:6,1
DA:7,1
DA:8,1
DA:9,139
DA:10,139
DA:11,139
DA:12,1
DA:13,1
DA:14,1
DA:15,1
DA:16,1
DA:17,1
DA:18,1
DA:19,1
DA:20,1
DA:21,1
DA:22,1
DA:23,1
DA:24,1
DA:25,1
DA:26,1
DA:27,1
DA:28,1
DA:29,1
DA:30,1
DA:31,1
DA:32,1
DA:33,1
DA:34,1
DA:35,1
DA:36,1
DA:37,1
DA:38,1
DA:39,1
DA:40,1
DA:41,1
DA:42,1
DA:43,1
DA:44,1
DA:45,1
DA:46,1
DA:47,1
DA:48,1
DA:49,1
DA:50,1
DA:51,1
DA:52,1
DA:53,1
DA:54,1
DA:55,1
DA:56,1
DA:57,1
DA:58,1
DA:59,1
DA:60,1
DA:61,66
DA:62,66
DA:63,1
DA:64,1
DA:65,1
DA:66,65
DA:67,65
DA:68,65
DA:69,65
DA:70,65
DA:71,65
DA:72,1
DA:73,1
DA:74,1
DA:75,3
DA:76,3
DA:77,1
DA:78,1
DA:79,1
DA:80,1
DA:81,1
DA:82,1
DA:83,1
LF:83
LH:83
BRDA:2,0,0,1
BRDA:2,1,0,0
BRDA:2,2,0,78
BRDA:2,3,0,77
BRDA:2,4,0,0
BRDA:2,5,0,1
BRDA:2,6,0,3
BRDA:2,7,0,201
BRDA:2,8,0,201
BRDA:2,9,0,1
BRDA:2,10,0,200
BRDA:2,11,0,67
BRDA:2,12,0,133
BRDA:2,13,0,2
BRDA:2,14,0,68
BRDA:2,15,0,68
BRDA:2,16,0,200
BRDA:2,17,0,1
BRDA:8,18,0,139
BRDA:60,19,0,66
BRDA:65,20,0,1
BRDA:65,21,0,65
BRDA:65,22,0,195
BRDA:65,23,0,65
BRDA:67,24,0,0
BRDA:68,25,0,65
BRDA:69,26,0,65
BRDA:69,27,0,65
BRDA:72,28,0,65
BRDA:74,29,0,1
BRDA:74,30,0,3
BRDA:74,31,0,5
BRDA:74,32,0,3
BRDA:76,33,0,2
BRDA:77,34,0,3
BRF:35
BRH:32
end_of_record
TN:
SF:server.js
FN:2,_regeneratorDefine2
FN:2,_regeneratorDefine
FN:2,o
FN:2,asyncGeneratorStep
FN:2,_asyncToGenerator
FN:2,_next
FN:2,_throw
FN:12,_callee
FN:21,_callee2
FN:25,_callee3
FN:36,_callee4
FN:40,_callee5
FN:51,_callee6
FN:56,_callee7
FN:66,_callee8
FN:77,_callee9
FN:101,_callee0
FNF:17
FNH:17
FNDA:1,_regeneratorDefine2
FNDA:37,_regeneratorDefine
FNDA:3,o
FNDA:50,asyncGeneratorStep
FNDA:10,_asyncToGenerator
FNDA:43,_next
FNDA:7,_throw
FNDA:1,_callee
FNDA:1,_callee2
FNDA:5,_callee3
FNDA:1,_callee4
FNDA:4,_callee5
FNDA:2,_callee6
FNDA:2,_callee7
FNDA:3,_callee8
FNDA:5,_callee9
FNDA:3,_callee0
DA:1,1
DA:2,7
DA:3,1
DA:4,1
DA:5,1
DA:6,1
DA:7,1
DA:8,1
DA:9,1
DA:10,1
DA:11,1
DA:12,1
DA:13,1
DA:14,1
DA:15,1
DA:16,1
DA:17,1
DA:18,0
DA:19,1
DA:20,1
DA:21,1
DA:22,1
DA:23,1
DA:24,1
DA:25,1
DA:26,5
DA:27,5
DA:28,5
DA:29,1
DA:30,1
DA:31,4
DA:32,4
DA:33,1
DA:34,1
DA:35,1
DA:36,1
DA:37,1
DA:38,1
DA:39,1
DA:40,1
DA:41,4
DA:42,4
DA:43,4
DA:44,1
DA:45,1
DA:46,3
DA:47,3
DA:48,1
DA:49,1
DA:50,1
DA:51,1
DA:52,2
DA:53,2
DA:54,1
DA:55,1
DA:56,1
DA:57,2
DA:58,2
DA:59,2
DA:60,1
DA:61,1
DA:62,1
DA:63,1
DA:64,1
DA:65,1
DA:66,1
DA:67,3
DA:68,3
DA:69,3
DA:70,2
DA:71,1
DA:72,1
DA:73,1
DA:74,1
DA:75,1
DA:76,1
DA:77,1
DA:78,5
DA:79,5
DA:80,5
DA:81,5
DA:82,2
DA:83,3
DA:84,3
DA:85,3
DA:86,3
DA:87,1
DA:88,2
DA:89,2
DA:90,2
DA:91,2
DA:92,1
DA:93,1
DA:94,1
DA:95,1
DA:96,1
DA:97,1
DA:98,1
DA:99,1
DA:100,1
DA:101,1
DA:102,3
DA:103,3
DA:104,3
DA:105,3
DA:106,1
DA:107,2
DA:108,2
DA:109,2
DA:110,1
DA:111,1
DA:112,1
DA:113,1
DA:114,1
DA:115,1
DA:116,1
DA:117,1
LF:117
LH:116
BRDA:2,0,0,1
BRDA:2,1,0,0
BRDA:2,2,0,37
BRDA:2,3,0,36
BRDA:2,4,0,0
BRDA:2,5,0,1
BRDA:2,6,0,3
BRDA:2,7,0,50
BRDA:2,8,0,50
BRDA:2,9,0,0
BRDA:2,10,0,27
BRDA:2,11,0,23
BRDA:2,12,0,10
BRDA:2,13,0,27
BRDA:2,14,0,27
BRDA:2,15,0,43
BRDA:2,16,0,7
BRDA:12,17,0,1
BRDA:12,18,0,1
BRDA:12,19,0,2
BRDA:12,20,0,1
BRDA:13,21,0,1
BRDA:15,22,0,1
BRDA:21,23,0,1
BRDA:21,24,0,1
BRDA:21,25,0,1
BRDA:23,26,0,1
BRDA:25,27,0,1
BRDA:25,28,0,5
BRDA:25,29,0,10
BRDA:25,30,0,11
BRDA:25,31,0,5
BRDA:28,32,0,1
BRDA:31,33,0,4
BRDA:34,34,0,5
BRDA:36,35,0,1
BRDA:36,36,0,1
BRDA:36,37,0,1
BRDA:38,38,0,1
BRDA:40,39,0,1
BRDA:40,40,0,4
BRDA:40,41,0,8
BRDA:40,42,0,9
BRDA:40,43,0,4
BRDA:43,44,0,1
BRDA:46,45,0,3
BRDA:49,46,0,4
BRDA:51,47,0,1
BRDA:51,48,0,2
BRDA:51,49,0,4
BRDA:51,50,0,2
BRDA:52,51,0,2
BRDA:54,52,0,2
BRDA:56,53,0,1
BRDA:56,54,0,2
BRDA:56,55,0,4
BRDA:56,56,0,2
BRDA:58,57,0,2
BRDA:59,58,0,1
BRDA:64,59,0,2
BRDA:66,60,0,1
BRDA:66,61,0,3
BRDA:66,62,0,4
BRDA:66,63,0,7
BRDA:66,64,0,3
BRDA:69,65,0,1
BRDA:69,66,0,2
BRDA:71,67,0,1
BRDA:72,68,0,1
BRDA:75,69,0,3
BRDA:77,70,0,1
BRDA:77,71,0,5
BRDA:77,72,0,9
BRDA:77,73,0,17
BRDA:77,74,0,5
BRDA:81,75,0,3
BRDA:81,76,0,2
BRDA:83,77,0,3
BRDA:84,78,0,3
BRDA:86,79,0,2
BRDA:86,80,0,1
BRDA:88,81,0,2
BRDA:91,82,0,1
BRDA:93,83,0,1
BRDA:96,84,0,1
BRDA:99,85,0,5
BRDA:101,86,0,1
BRDA:101,87,0,3
BRDA:101,88,0,7
BRDA:101,89,0,10
BRDA:101,90,0,3
BRDA:104,91,0,3
BRDA:105,92,0,2
BRDA:105,93,0,1
BRDA:107,94,0,2
BRDA:109,95,0,1
BRDA:111,96,0,1
BRDA:113,97,0,1
BRDA:115,98,0,3
BRF:99
BRH:96
end_of_record
TN:
SF:utils.js
FN:3,checkPasswordStrength
FN:10,generateToken
FN:20,requireAuthentication
FNF:3
FNH:3
FNDA:65,checkPasswordStrength
FNDA:66,generateToken
FNDA:20,requireAuthentication
DA:1,1
DA:2,1
DA:3,1
DA:4,65
DA:5,65
DA:6,65
DA:7,65
DA:8,65
DA:9,1
DA:10,1
DA:11,66
DA:12,66
DA:13,66
DA:14,66
DA:15,66
DA:16,66
DA:17,66
DA:18,66
DA:19,1
DA:20,1
DA:21,20
DA:22,20
DA:23,5
DA:24,5
DA:25,5
DA:26,15
DA:27,15
DA:28,15
DA:29,15
DA:30,15
DA:31,15
DA:32,20
DA:33,0
DA:34,0
DA:35,20
LF:35
LH:33
BRDA:3,0,0,65
BRDA:10,1,0,66
BRDA:20,2,0,20
BRDA:22,3,0,5
BRDA:25,4,0,15
BRDA:32,5,0,0
BRF:6
BRH:5
end_of_record
TN:
SF:stores\user.js
FN:2,_regenerator
FN:3,_callee
FN:9,_callee2
FNF:3
FNH:3
FNDA:1,_regenerator
FNDA:4,_callee
FNDA:5,_callee2
DA:1,1
DA:2,1
DA:3,1
DA:4,4
DA:5,4
DA:6,1
DA:7,1
DA:8,1
DA:9,1
DA:10,5
DA:11,5
DA:12,2
DA:13,3
DA:14,3
DA:15,2
DA:16,1
DA:17,1
DA:18,1
DA:19,1
DA:20,1
DA:21,1
LF:21
LH:21
BRDA:2,0,0,1
BRDA:3,1,0,1
BRDA:3,2,0,4
BRDA:3,3,0,5
BRDA:3,4,0,4
BRDA:5,5,0,1
BRDA:9,6,0,1
BRDA:9,7,0,5
BRDA:9,8,0,12
BRDA:9,9,0,16
BRDA:9,10,0,5
BRDA:10,11,0,5
BRDA:11,12,0,3
BRDA:11,13,0,2
BRDA:12,14,0,3
BRDA:14,15,0,2
BRDA:15,16,0,1
BRDA:16,17,0,1
BRF:18
BRH:18
end_of_record
TN:
SF:stores\whisper.js
FN:2,_regenerator
FN:3,getAll
FN:5,getById
FN:8,_callee
FN:14,_callee2
FN:17,_callee3
FN:17,deleteById
FNF:7
FNH:7
FNDA:1,_regenerator
FNDA:3,getAll
FNDA:11,getById
FNDA:1,_callee
FNDA:1,_callee2
FNDA:1,_callee3
FNDA:1,deleteById
DA:1,1
DA:2,1
DA:3,1
DA:4,1
DA:5,1
DA:6,11
DA:7,1
DA:8,1
DA:9,1
DA:10,2
DA:11,1
DA:12,1
DA:13,1
DA:14,1
DA:15,1
DA:16,1
DA:17,1
DA:18,1
DA:19,1
LF:19
LH:19
BRDA:2,0,0,1
BRDA:3,1,0,3
BRDA:5,2,0,11
BRDA:8,3,0,1
BRDA:8,4,0,1
BRDA:8,5,0,2
BRDA:8,6,0,1
BRDA:10,7,0,1
BRDA:14,8,0,1
BRDA:14,9,0,1
BRDA:14,10,0,1
BRDA:17,11,0,1
BRDA:17,12,0,1
BRDA:17,13,0,1
BRDA:17,14,0,1
BRF:15
BRH:15
end_of_record
