TN:
SF:database.js
FN:5,transform
FNF:1
FNH:1
FNDA:34,transform
DA:1,1
DA:2,1
DA:3,1
DA:4,1
DA:5,1
DA:6,34
DA:7,34
DA:8,34
DA:9,1
DA:10,1
DA:11,1
DA:12,1
DA:13,1
DA:14,1
DA:15,1
DA:16,1
DA:17,1
LF:17
LH:17
BRDA:5,0,0,34
BRF:1
BRH:1
end_of_record
TN:
SF:server.js
FN:2,_regeneratorDefine2
FN:2,_regeneratorDefine
FN:2,o
FN:2,asyncGeneratorStep
FN:2,_asyncToGenerator
FN:2,_next
FN:2,_throw
FN:11,_callee
FN:16,_callee2
FN:21,_callee3
FN:31,_callee4
FN:41,_callee5
FN:58,_callee6
FNF:13
FNH:12
FNDA:1,_regeneratorDefine2
FNDA:24,_regeneratorDefine
FNDA:3,o
FNDA:26,asyncGeneratorStep
FNDA:6,_asyncToGenerator
FNDA:26,_next
FNDA:0,_throw
FNDA:1,_callee
FNDA:2,_callee2
FNDA:2,_callee3
FNDA:3,_callee4
FNDA:4,_callee5
FNDA:2,_callee6
DA:1,1
DA:2,0
DA:3,1
DA:4,1
DA:5,1
DA:6,1
DA:7,1
DA:8,1
DA:9,1
DA:10,1
DA:11,1
DA:12,1
DA:13,1
DA:14,1
DA:15,1
DA:16,1
DA:17,2
DA:18,2
DA:19,1
DA:20,1
DA:21,1
DA:22,2
DA:23,2
DA:24,2
DA:25,1
DA:26,1
DA:27,1
DA:28,1
DA:29,1
DA:30,1
DA:31,1
DA:32,3
DA:33,3
DA:34,2
DA:35,1
DA:36,1
DA:37,1
DA:38,1
DA:39,1
DA:40,1
DA:41,1
DA:42,4
DA:43,4
DA:44,4
DA:45,4
DA:46,2
DA:47,2
DA:48,2
DA:49,2
DA:50,1
DA:51,1
DA:52,1
DA:53,1
DA:54,1
DA:55,1
DA:56,1
DA:57,1
DA:58,1
DA:59,2
DA:60,2
DA:61,2
DA:62,1
DA:63,1
DA:64,1
DA:65,1
DA:66,1
DA:67,1
DA:68,1
DA:69,1
LF:69
LH:68
BRDA:2,0,0,1
BRDA:2,1,0,0
BRDA:2,2,0,24
BRDA:2,3,0,23
BRDA:2,4,0,0
BRDA:2,5,0,1
BRDA:2,6,0,3
BRDA:2,7,0,26
BRDA:2,8,0,26
BRDA:2,9,0,0
BRDA:2,10,0,14
BRDA:2,11,0,12
BRDA:2,12,0,6
BRDA:2,13,0,14
BRDA:2,14,0,14
BRDA:2,15,0,26
BRDA:11,16,0,1
BRDA:11,17,0,1
BRDA:11,18,0,2
BRDA:11,19,0,1
BRDA:12,20,0,1
BRDA:14,21,0,1
BRDA:16,22,0,1
BRDA:16,23,0,2
BRDA:16,24,0,4
BRDA:16,25,0,2
BRDA:17,26,0,2
BRDA:19,27,0,2
BRDA:21,28,0,1
BRDA:21,29,0,2
BRDA:21,30,0,4
BRDA:21,31,0,2
BRDA:23,32,0,2
BRDA:24,33,0,1
BRDA:29,34,0,2
BRDA:31,35,0,1
BRDA:31,36,0,3
BRDA:31,37,0,4
BRDA:31,38,0,7
BRDA:31,39,0,3
BRDA:33,40,0,1
BRDA:33,41,0,2
BRDA:35,42,0,1
BRDA:36,43,0,1
BRDA:39,44,0,3
BRDA:41,45,0,1
BRDA:41,46,0,4
BRDA:41,47,0,7
BRDA:41,48,0,13
BRDA:41,49,0,4
BRDA:45,50,0,2
BRDA:47,51,0,2
BRDA:48,52,0,2
BRDA:49,53,0,1
BRDA:51,54,0,1
BRDA:52,55,0,1
BRDA:56,56,0,4
BRDA:58,57,0,1
BRDA:58,58,0,2
BRDA:58,59,0,5
BRDA:58,60,0,6
BRDA:58,61,0,2
BRDA:60,62,0,2
BRDA:61,63,0,1
BRDA:63,64,0,1
BRDA:65,65,0,1
BRDA:67,66,0,2
BRF:67
BRH:64
end_of_record
TN:
SF:store.js
FN:2,_regenerator
FN:3,getAll
FN:5,getById
FN:7,_callee
FN:13,_callee2
FN:16,_callee3
FN:16,deleteById
FNF:7
FNH:7
FNDA:1,_regenerator
FNDA:3,getAll
FNDA:9,getById
FNDA:1,_callee
FNDA:1,_callee2
FNDA:1,_callee3
FNDA:1,deleteById
DA:1,1
DA:2,1
DA:3,1
DA:4,1
DA:5,1
DA:6,1
DA:7,1
DA:8,1
DA:9,2
DA:10,1
DA:11,1
DA:12,1
DA:13,1
DA:14,1
DA:15,1
DA:16,1
DA:17,1
DA:18,1
LF:18
LH:18
BRDA:2,0,0,1
BRDA:3,1,0,3
BRDA:5,2,0,9
BRDA:7,3,0,1
BRDA:7,4,0,1
BRDA:7,5,0,2
BRDA:7,6,0,1
BRDA:9,7,0,1
BRDA:13,8,0,1
BRDA:13,9,0,1
BRDA:13,10,0,1
BRDA:16,11,0,1
BRDA:16,12,0,1
BRDA:16,13,0,1
BRDA:16,14,0,1
BRF:15
BRH:15
end_of_record
